<?xml version="1.0" encoding="UTF-8"?>
<testng-results skipped="0" failed="34" total="54" passed="20">
  <reporter-output>
  </reporter-output>
  <suite name="ASM_PS09502_Java5" duration-ms="68039" started-at="2020-06-17T08:06:59Z" finished-at="2020-06-17T08:08:07Z">
    <groups>
    </groups>
    <test name="TestNGhah suite" duration-ms="68039" started-at="2020-06-17T08:06:59Z" finished-at="2020-06-17T08:08:07Z">
      <class name="TestNGhah.TestUserInsert">
        <test-method status="FAIL" signature="testInsert(java.lang.String, java.lang.String, java.lang.String, java.lang.String)[pri:0, instance:TestNGhah.TestUserInsert@2cb4c3ab]" name="testInsert" duration-ms="111" started-at="2020-06-17T15:08:06Z" data-provider="dp" finished-at="2020-06-17T15:08:06Z">
          <params>
            <param index="0">
              <value>
                <![CDATA[longan1]]>
              </value>
            </param>
            <param index="1">
              <value>
                <![CDATA[P123456]]>
              </value>
            </param>
            <param index="2">
              <value>
                <![CDATA[Phamlongan]]>
              </value>
            </param>
            <param index="3">
              <value>
                <![CDATA[im.jpfg]]>
              </value>
            </param>
          </params>
          <exception class="java.lang.AssertionError">
            <message>
              <![CDATA[User Test expected [true] but found [false]]]>
            </message>
            <full-stacktrace>
              <![CDATA[java.lang.AssertionError: User Test expected [true] but found [false]
	at org.testng.Assert.fail(Assert.java:94)
	at org.testng.Assert.failNotEquals(Assert.java:494)
	at org.testng.Assert.assertTrue(Assert.java:42)
	at TestNGhah.TestUserInsert.testInsert(TestUserInsert.java:37)
	at sun.reflect.NativeMethodAccessorImpl.invoke0(Native Method)
	at sun.reflect.NativeMethodAccessorImpl.invoke(NativeMethodAccessorImpl.java:62)
	at sun.reflect.DelegatingMethodAccessorImpl.invoke(DelegatingMethodAccessorImpl.java:43)
	at java.lang.reflect.Method.invoke(Method.java:498)
	at org.testng.internal.MethodInvocationHelper.invokeMethod(MethodInvocationHelper.java:84)
	at org.testng.internal.Invoker.invokeMethod(Invoker.java:714)
	at org.testng.internal.Invoker.invokeTestMethod(Invoker.java:901)
	at org.testng.internal.Invoker.invokeTestMethods(Invoker.java:1231)
	at org.testng.internal.TestMethodWorker.invokeTestMethods(TestMethodWorker.java:127)
	at org.testng.internal.TestMethodWorker.run(TestMethodWorker.java:111)
	at org.testng.TestRunner.privateRun(TestRunner.java:767)
	at org.testng.TestRunner.run(TestRunner.java:617)
	at org.testng.SuiteRunner.runTest(SuiteRunner.java:334)
	at org.testng.SuiteRunner.runSequentially(SuiteRunner.java:329)
	at org.testng.SuiteRunner.privateRun(SuiteRunner.java:291)
	at org.testng.SuiteRunner.run(SuiteRunner.java:240)
	at org.testng.SuiteRunnerWorker.runSuite(SuiteRunnerWorker.java:52)
	at org.testng.SuiteRunnerWorker.run(SuiteRunnerWorker.java:86)
	at org.testng.TestNG.runSuitesSequentially(TestNG.java:1224)
	at org.testng.TestNG.runSuitesLocally(TestNG.java:1149)
	at org.testng.TestNG.run(TestNG.java:1057)
	at org.testng.TestNG.privateMain(TestNG.java:1364)
	at org.testng.TestNG.main(TestNG.java:1333)
]]>
            </full-stacktrace>
          </exception> <!-- java.lang.AssertionError -->
          <reporter-output>
          </reporter-output>
        </test-method> <!-- testInsert -->
        <test-method status="PASS" signature="setUp()[pri:0, instance:TestNGhah.TestUserInsert@2cb4c3ab]" name="setUp" is-config="true" duration-ms="0" started-at="2020-06-17T15:08:06Z" finished-at="2020-06-17T15:08:06Z">
          <reporter-output>
          </reporter-output>
        </test-method> <!-- setUp -->
        <test-method status="PASS" signature="afterMethod(org.testng.ITestResult)[pri:0, instance:TestNGhah.TestUserInsert@2cb4c3ab]" name="afterMethod" is-config="true" duration-ms="97" started-at="2020-06-17T15:08:06Z" finished-at="2020-06-17T15:08:06Z">
          <params>
            <param index="0">
              <value>
                <![CDATA[[TestResult name=testInsert status=FAILURE method=TestUserInsert.testInsert(java.lang.String, java.lang.String, java.lang.String, java.lang.String)[pri:0, instance:TestNGhah.TestUserInsert@2cb4c3ab] output={null}]]]>
              </value>
            </param>
          </params>
          <reporter-output>
          </reporter-output>
        </test-method> <!-- afterMethod -->
        <test-method status="FAIL" signature="testInsert(java.lang.String, java.lang.String, java.lang.String, java.lang.String)[pri:0, instance:TestNGhah.TestUserInsert@2cb4c3ab]" name="testInsert" duration-ms="5" started-at="2020-06-17T15:08:06Z" data-provider="dp" finished-at="2020-06-17T15:08:06Z">
          <params>
            <param index="0">
              <value>
                <![CDATA[longan2]]>
              </value>
            </param>
            <param index="1">
              <value>
                <![CDATA[P123456]]>
              </value>
            </param>
            <param index="2">
              <value>
                <![CDATA[long/an]]>
              </value>
            </param>
            <param index="3">
              <value>
                <![CDATA[im.jpfg]]>
              </value>
            </param>
          </params>
          <exception class="java.lang.AssertionError">
            <message>
              <![CDATA[User Test expected [true] but found [false]]]>
            </message>
            <full-stacktrace>
              <![CDATA[java.lang.AssertionError: User Test expected [true] but found [false]
	at org.testng.Assert.fail(Assert.java:94)
	at org.testng.Assert.failNotEquals(Assert.java:494)
	at org.testng.Assert.assertTrue(Assert.java:42)
	at TestNGhah.TestUserInsert.testInsert(TestUserInsert.java:37)
	at sun.reflect.NativeMethodAccessorImpl.invoke0(Native Method)
	at sun.reflect.NativeMethodAccessorImpl.invoke(NativeMethodAccessorImpl.java:62)
	at sun.reflect.DelegatingMethodAccessorImpl.invoke(DelegatingMethodAccessorImpl.java:43)
	at java.lang.reflect.Method.invoke(Method.java:498)
	at org.testng.internal.MethodInvocationHelper.invokeMethod(MethodInvocationHelper.java:84)
	at org.testng.internal.Invoker.invokeMethod(Invoker.java:714)
	at org.testng.internal.Invoker.invokeTestMethod(Invoker.java:901)
	at org.testng.internal.Invoker.invokeTestMethods(Invoker.java:1231)
	at org.testng.internal.TestMethodWorker.invokeTestMethods(TestMethodWorker.java:127)
	at org.testng.internal.TestMethodWorker.run(TestMethodWorker.java:111)
	at org.testng.TestRunner.privateRun(TestRunner.java:767)
	at org.testng.TestRunner.run(TestRunner.java:617)
	at org.testng.SuiteRunner.runTest(SuiteRunner.java:334)
	at org.testng.SuiteRunner.runSequentially(SuiteRunner.java:329)
	at org.testng.SuiteRunner.privateRun(SuiteRunner.java:291)
	at org.testng.SuiteRunner.run(SuiteRunner.java:240)
	at org.testng.SuiteRunnerWorker.runSuite(SuiteRunnerWorker.java:52)
	at org.testng.SuiteRunnerWorker.run(SuiteRunnerWorker.java:86)
	at org.testng.TestNG.runSuitesSequentially(TestNG.java:1224)
	at org.testng.TestNG.runSuitesLocally(TestNG.java:1149)
	at org.testng.TestNG.run(TestNG.java:1057)
	at org.testng.TestNG.privateMain(TestNG.java:1364)
	at org.testng.TestNG.main(TestNG.java:1333)
]]>
            </full-stacktrace>
          </exception> <!-- java.lang.AssertionError -->
          <reporter-output>
          </reporter-output>
        </test-method> <!-- testInsert -->
        <test-method status="PASS" signature="setUp()[pri:0, instance:TestNGhah.TestUserInsert@2cb4c3ab]" name="setUp" is-config="true" duration-ms="0" started-at="2020-06-17T15:08:06Z" finished-at="2020-06-17T15:08:06Z">
          <reporter-output>
          </reporter-output>
        </test-method> <!-- setUp -->
        <test-method status="PASS" signature="afterMethod(org.testng.ITestResult)[pri:0, instance:TestNGhah.TestUserInsert@2cb4c3ab]" name="afterMethod" is-config="true" duration-ms="81" started-at="2020-06-17T15:08:06Z" finished-at="2020-06-17T15:08:06Z">
          <params>
            <param index="0">
              <value>
                <![CDATA[[TestResult name=testInsert status=FAILURE method=TestUserInsert.testInsert(java.lang.String, java.lang.String, java.lang.String, java.lang.String)[pri:0, instance:TestNGhah.TestUserInsert@2cb4c3ab] output={null}]]]>
              </value>
            </param>
          </params>
          <reporter-output>
          </reporter-output>
        </test-method> <!-- afterMethod -->
        <test-method status="PASS" signature="setUp()[pri:0, instance:TestNGhah.TestUserInsert@2cb4c3ab]" name="setUp" is-config="true" duration-ms="0" started-at="2020-06-17T15:08:06Z" finished-at="2020-06-17T15:08:06Z">
          <reporter-output>
          </reporter-output>
        </test-method> <!-- setUp -->
        <test-method status="FAIL" signature="testInsert(java.lang.String, java.lang.String, java.lang.String, java.lang.String)[pri:0, instance:TestNGhah.TestUserInsert@2cb4c3ab]" name="testInsert" duration-ms="4" started-at="2020-06-17T15:08:06Z" data-provider="dp" finished-at="2020-06-17T15:08:06Z">
          <params>
            <param index="0">
              <value>
                <![CDATA[ ]]>
              </value>
            </param>
            <param index="1">
              <value>
                <![CDATA[P123456]]>
              </value>
            </param>
            <param index="2">
              <value>
                <![CDATA[Phamlongan]]>
              </value>
            </param>
            <param index="3">
              <value>
                <![CDATA[im.jpfg]]>
              </value>
            </param>
          </params>
          <exception class="java.lang.AssertionError">
            <message>
              <![CDATA[User Test expected [true] but found [false]]]>
            </message>
            <full-stacktrace>
              <![CDATA[java.lang.AssertionError: User Test expected [true] but found [false]
	at org.testng.Assert.fail(Assert.java:94)
	at org.testng.Assert.failNotEquals(Assert.java:494)
	at org.testng.Assert.assertTrue(Assert.java:42)
	at TestNGhah.TestUserInsert.testInsert(TestUserInsert.java:37)
	at sun.reflect.NativeMethodAccessorImpl.invoke0(Native Method)
	at sun.reflect.NativeMethodAccessorImpl.invoke(NativeMethodAccessorImpl.java:62)
	at sun.reflect.DelegatingMethodAccessorImpl.invoke(DelegatingMethodAccessorImpl.java:43)
	at java.lang.reflect.Method.invoke(Method.java:498)
	at org.testng.internal.MethodInvocationHelper.invokeMethod(MethodInvocationHelper.java:84)
	at org.testng.internal.Invoker.invokeMethod(Invoker.java:714)
	at org.testng.internal.Invoker.invokeTestMethod(Invoker.java:901)
	at org.testng.internal.Invoker.invokeTestMethods(Invoker.java:1231)
	at org.testng.internal.TestMethodWorker.invokeTestMethods(TestMethodWorker.java:127)
	at org.testng.internal.TestMethodWorker.run(TestMethodWorker.java:111)
	at org.testng.TestRunner.privateRun(TestRunner.java:767)
	at org.testng.TestRunner.run(TestRunner.java:617)
	at org.testng.SuiteRunner.runTest(SuiteRunner.java:334)
	at org.testng.SuiteRunner.runSequentially(SuiteRunner.java:329)
	at org.testng.SuiteRunner.privateRun(SuiteRunner.java:291)
	at org.testng.SuiteRunner.run(SuiteRunner.java:240)
	at org.testng.SuiteRunnerWorker.runSuite(SuiteRunnerWorker.java:52)
	at org.testng.SuiteRunnerWorker.run(SuiteRunnerWorker.java:86)
	at org.testng.TestNG.runSuitesSequentially(TestNG.java:1224)
	at org.testng.TestNG.runSuitesLocally(TestNG.java:1149)
	at org.testng.TestNG.run(TestNG.java:1057)
	at org.testng.TestNG.privateMain(TestNG.java:1364)
	at org.testng.TestNG.main(TestNG.java:1333)
]]>
            </full-stacktrace>
          </exception> <!-- java.lang.AssertionError -->
          <reporter-output>
          </reporter-output>
        </test-method> <!-- testInsert -->
        <test-method status="PASS" signature="afterMethod(org.testng.ITestResult)[pri:0, instance:TestNGhah.TestUserInsert@2cb4c3ab]" name="afterMethod" is-config="true" duration-ms="83" started-at="2020-06-17T15:08:06Z" finished-at="2020-06-17T15:08:06Z">
          <params>
            <param index="0">
              <value>
                <![CDATA[[TestResult name=testInsert status=FAILURE method=TestUserInsert.testInsert(java.lang.String, java.lang.String, java.lang.String, java.lang.String)[pri:0, instance:TestNGhah.TestUserInsert@2cb4c3ab] output={null}]]]>
              </value>
            </param>
          </params>
          <reporter-output>
          </reporter-output>
        </test-method> <!-- afterMethod -->
        <test-method status="PASS" signature="setUp()[pri:0, instance:TestNGhah.TestUserInsert@2cb4c3ab]" name="setUp" is-config="true" duration-ms="0" started-at="2020-06-17T15:08:06Z" finished-at="2020-06-17T15:08:06Z">
          <reporter-output>
          </reporter-output>
        </test-method> <!-- setUp -->
        <test-method status="FAIL" signature="testInsert(java.lang.String, java.lang.String, java.lang.String, java.lang.String)[pri:0, instance:TestNGhah.TestUserInsert@2cb4c3ab]" name="testInsert" duration-ms="5" started-at="2020-06-17T15:08:06Z" data-provider="dp" finished-at="2020-06-17T15:08:06Z">
          <params>
            <param index="0">
              <value>
                <![CDATA[longan3]]>
              </value>
            </param>
            <param index="1">
              <value>
                <![CDATA[ ]]>
              </value>
            </param>
            <param index="2">
              <value>
                <![CDATA[Phamlongan]]>
              </value>
            </param>
            <param index="3">
              <value>
                <![CDATA[im.jpfg]]>
              </value>
            </param>
          </params>
          <exception class="java.lang.AssertionError">
            <message>
              <![CDATA[User Test expected [true] but found [false]]]>
            </message>
            <full-stacktrace>
              <![CDATA[java.lang.AssertionError: User Test expected [true] but found [false]
	at org.testng.Assert.fail(Assert.java:94)
	at org.testng.Assert.failNotEquals(Assert.java:494)
	at org.testng.Assert.assertTrue(Assert.java:42)
	at TestNGhah.TestUserInsert.testInsert(TestUserInsert.java:37)
	at sun.reflect.NativeMethodAccessorImpl.invoke0(Native Method)
	at sun.reflect.NativeMethodAccessorImpl.invoke(NativeMethodAccessorImpl.java:62)
	at sun.reflect.DelegatingMethodAccessorImpl.invoke(DelegatingMethodAccessorImpl.java:43)
	at java.lang.reflect.Method.invoke(Method.java:498)
	at org.testng.internal.MethodInvocationHelper.invokeMethod(MethodInvocationHelper.java:84)
	at org.testng.internal.Invoker.invokeMethod(Invoker.java:714)
	at org.testng.internal.Invoker.invokeTestMethod(Invoker.java:901)
	at org.testng.internal.Invoker.invokeTestMethods(Invoker.java:1231)
	at org.testng.internal.TestMethodWorker.invokeTestMethods(TestMethodWorker.java:127)
	at org.testng.internal.TestMethodWorker.run(TestMethodWorker.java:111)
	at org.testng.TestRunner.privateRun(TestRunner.java:767)
	at org.testng.TestRunner.run(TestRunner.java:617)
	at org.testng.SuiteRunner.runTest(SuiteRunner.java:334)
	at org.testng.SuiteRunner.runSequentially(SuiteRunner.java:329)
	at org.testng.SuiteRunner.privateRun(SuiteRunner.java:291)
	at org.testng.SuiteRunner.run(SuiteRunner.java:240)
	at org.testng.SuiteRunnerWorker.runSuite(SuiteRunnerWorker.java:52)
	at org.testng.SuiteRunnerWorker.run(SuiteRunnerWorker.java:86)
	at org.testng.TestNG.runSuitesSequentially(TestNG.java:1224)
	at org.testng.TestNG.runSuitesLocally(TestNG.java:1149)
	at org.testng.TestNG.run(TestNG.java:1057)
	at org.testng.TestNG.privateMain(TestNG.java:1364)
	at org.testng.TestNG.main(TestNG.java:1333)
]]>
            </full-stacktrace>
          </exception> <!-- java.lang.AssertionError -->
          <reporter-output>
          </reporter-output>
        </test-method> <!-- testInsert -->
        <test-method status="PASS" signature="afterMethod(org.testng.ITestResult)[pri:0, instance:TestNGhah.TestUserInsert@2cb4c3ab]" name="afterMethod" is-config="true" duration-ms="85" started-at="2020-06-17T15:08:06Z" finished-at="2020-06-17T15:08:06Z">
          <params>
            <param index="0">
              <value>
                <![CDATA[[TestResult name=testInsert status=FAILURE method=TestUserInsert.testInsert(java.lang.String, java.lang.String, java.lang.String, java.lang.String)[pri:0, instance:TestNGhah.TestUserInsert@2cb4c3ab] output={null}]]]>
              </value>
            </param>
          </params>
          <reporter-output>
          </reporter-output>
        </test-method> <!-- afterMethod -->
        <test-method status="PASS" signature="setUp()[pri:0, instance:TestNGhah.TestUserInsert@2cb4c3ab]" name="setUp" is-config="true" duration-ms="0" started-at="2020-06-17T15:08:06Z" finished-at="2020-06-17T15:08:06Z">
          <reporter-output>
          </reporter-output>
        </test-method> <!-- setUp -->
        <test-method status="FAIL" signature="testInsert(java.lang.String, java.lang.String, java.lang.String, java.lang.String)[pri:0, instance:TestNGhah.TestUserInsert@2cb4c3ab]" name="testInsert" duration-ms="102" started-at="2020-06-17T15:08:06Z" data-provider="dp" finished-at="2020-06-17T15:08:06Z">
          <params>
            <param index="0">
              <value>
                <![CDATA[Phamlongan123123]]>
              </value>
            </param>
            <param index="1">
              <value>
                <![CDATA[P123456]]>
              </value>
            </param>
            <param index="2">
              <value>
                <![CDATA[Phamlongan]]>
              </value>
            </param>
            <param index="3">
              <value>
                <![CDATA[im.jpfg]]>
              </value>
            </param>
          </params>
          <exception class="java.lang.AssertionError">
            <message>
              <![CDATA[User Test expected [true] but found [false]]]>
            </message>
            <full-stacktrace>
              <![CDATA[java.lang.AssertionError: User Test expected [true] but found [false]
	at org.testng.Assert.fail(Assert.java:94)
	at org.testng.Assert.failNotEquals(Assert.java:494)
	at org.testng.Assert.assertTrue(Assert.java:42)
	at TestNGhah.TestUserInsert.testInsert(TestUserInsert.java:37)
	at sun.reflect.NativeMethodAccessorImpl.invoke0(Native Method)
	at sun.reflect.NativeMethodAccessorImpl.invoke(NativeMethodAccessorImpl.java:62)
	at sun.reflect.DelegatingMethodAccessorImpl.invoke(DelegatingMethodAccessorImpl.java:43)
	at java.lang.reflect.Method.invoke(Method.java:498)
	at org.testng.internal.MethodInvocationHelper.invokeMethod(MethodInvocationHelper.java:84)
	at org.testng.internal.Invoker.invokeMethod(Invoker.java:714)
	at org.testng.internal.Invoker.invokeTestMethod(Invoker.java:901)
	at org.testng.internal.Invoker.invokeTestMethods(Invoker.java:1231)
	at org.testng.internal.TestMethodWorker.invokeTestMethods(TestMethodWorker.java:127)
	at org.testng.internal.TestMethodWorker.run(TestMethodWorker.java:111)
	at org.testng.TestRunner.privateRun(TestRunner.java:767)
	at org.testng.TestRunner.run(TestRunner.java:617)
	at org.testng.SuiteRunner.runTest(SuiteRunner.java:334)
	at org.testng.SuiteRunner.runSequentially(SuiteRunner.java:329)
	at org.testng.SuiteRunner.privateRun(SuiteRunner.java:291)
	at org.testng.SuiteRunner.run(SuiteRunner.java:240)
	at org.testng.SuiteRunnerWorker.runSuite(SuiteRunnerWorker.java:52)
	at org.testng.SuiteRunnerWorker.run(SuiteRunnerWorker.java:86)
	at org.testng.TestNG.runSuitesSequentially(TestNG.java:1224)
	at org.testng.TestNG.runSuitesLocally(TestNG.java:1149)
	at org.testng.TestNG.run(TestNG.java:1057)
	at org.testng.TestNG.privateMain(TestNG.java:1364)
	at org.testng.TestNG.main(TestNG.java:1333)
]]>
            </full-stacktrace>
          </exception> <!-- java.lang.AssertionError -->
          <reporter-output>
          </reporter-output>
        </test-method> <!-- testInsert -->
        <test-method status="PASS" signature="afterMethod(org.testng.ITestResult)[pri:0, instance:TestNGhah.TestUserInsert@2cb4c3ab]" name="afterMethod" is-config="true" duration-ms="81" started-at="2020-06-17T15:08:06Z" finished-at="2020-06-17T15:08:06Z">
          <params>
            <param index="0">
              <value>
                <![CDATA[[TestResult name=testInsert status=FAILURE method=TestUserInsert.testInsert(java.lang.String, java.lang.String, java.lang.String, java.lang.String)[pri:0, instance:TestNGhah.TestUserInsert@2cb4c3ab] output={null}]]]>
              </value>
            </param>
          </params>
          <reporter-output>
          </reporter-output>
        </test-method> <!-- afterMethod -->
        <test-method status="FAIL" signature="testInsert(java.lang.String, java.lang.String, java.lang.String, java.lang.String)[pri:0, instance:TestNGhah.TestUserInsert@2cb4c3ab]" name="testInsert" duration-ms="5" started-at="2020-06-17T15:08:06Z" data-provider="dp" finished-at="2020-06-17T15:08:06Z">
          <params>
            <param index="0">
              <value>
                <![CDATA[an]]>
              </value>
            </param>
            <param index="1">
              <value>
                <![CDATA[P123456]]>
              </value>
            </param>
            <param index="2">
              <value>
                <![CDATA[Phamlongan]]>
              </value>
            </param>
            <param index="3">
              <value>
                <![CDATA[im.jpfg]]>
              </value>
            </param>
          </params>
          <exception class="java.lang.AssertionError">
            <message>
              <![CDATA[User Test expected [true] but found [false]]]>
            </message>
            <full-stacktrace>
              <![CDATA[java.lang.AssertionError: User Test expected [true] but found [false]
	at org.testng.Assert.fail(Assert.java:94)
	at org.testng.Assert.failNotEquals(Assert.java:494)
	at org.testng.Assert.assertTrue(Assert.java:42)
	at TestNGhah.TestUserInsert.testInsert(TestUserInsert.java:37)
	at sun.reflect.NativeMethodAccessorImpl.invoke0(Native Method)
	at sun.reflect.NativeMethodAccessorImpl.invoke(NativeMethodAccessorImpl.java:62)
	at sun.reflect.DelegatingMethodAccessorImpl.invoke(DelegatingMethodAccessorImpl.java:43)
	at java.lang.reflect.Method.invoke(Method.java:498)
	at org.testng.internal.MethodInvocationHelper.invokeMethod(MethodInvocationHelper.java:84)
	at org.testng.internal.Invoker.invokeMethod(Invoker.java:714)
	at org.testng.internal.Invoker.invokeTestMethod(Invoker.java:901)
	at org.testng.internal.Invoker.invokeTestMethods(Invoker.java:1231)
	at org.testng.internal.TestMethodWorker.invokeTestMethods(TestMethodWorker.java:127)
	at org.testng.internal.TestMethodWorker.run(TestMethodWorker.java:111)
	at org.testng.TestRunner.privateRun(TestRunner.java:767)
	at org.testng.TestRunner.run(TestRunner.java:617)
	at org.testng.SuiteRunner.runTest(SuiteRunner.java:334)
	at org.testng.SuiteRunner.runSequentially(SuiteRunner.java:329)
	at org.testng.SuiteRunner.privateRun(SuiteRunner.java:291)
	at org.testng.SuiteRunner.run(SuiteRunner.java:240)
	at org.testng.SuiteRunnerWorker.runSuite(SuiteRunnerWorker.java:52)
	at org.testng.SuiteRunnerWorker.run(SuiteRunnerWorker.java:86)
	at org.testng.TestNG.runSuitesSequentially(TestNG.java:1224)
	at org.testng.TestNG.runSuitesLocally(TestNG.java:1149)
	at org.testng.TestNG.run(TestNG.java:1057)
	at org.testng.TestNG.privateMain(TestNG.java:1364)
	at org.testng.TestNG.main(TestNG.java:1333)
]]>
            </full-stacktrace>
          </exception> <!-- java.lang.AssertionError -->
          <reporter-output>
          </reporter-output>
        </test-method> <!-- testInsert -->
        <test-method status="PASS" signature="setUp()[pri:0, instance:TestNGhah.TestUserInsert@2cb4c3ab]" name="setUp" is-config="true" duration-ms="0" started-at="2020-06-17T15:08:06Z" finished-at="2020-06-17T15:08:06Z">
          <reporter-output>
          </reporter-output>
        </test-method> <!-- setUp -->
        <test-method status="PASS" signature="afterMethod(org.testng.ITestResult)[pri:0, instance:TestNGhah.TestUserInsert@2cb4c3ab]" name="afterMethod" is-config="true" duration-ms="82" started-at="2020-06-17T15:08:06Z" finished-at="2020-06-17T15:08:06Z">
          <params>
            <param index="0">
              <value>
                <![CDATA[[TestResult name=testInsert status=FAILURE method=TestUserInsert.testInsert(java.lang.String, java.lang.String, java.lang.String, java.lang.String)[pri:0, instance:TestNGhah.TestUserInsert@2cb4c3ab] output={null}]]]>
              </value>
            </param>
          </params>
          <reporter-output>
          </reporter-output>
        </test-method> <!-- afterMethod -->
        <test-method status="PASS" signature="setUp()[pri:0, instance:TestNGhah.TestUserInsert@2cb4c3ab]" name="setUp" is-config="true" duration-ms="1" started-at="2020-06-17T15:08:06Z" finished-at="2020-06-17T15:08:06Z">
          <reporter-output>
          </reporter-output>
        </test-method> <!-- setUp -->
        <test-method status="FAIL" signature="testInsert(java.lang.String, java.lang.String, java.lang.String, java.lang.String)[pri:0, instance:TestNGhah.TestUserInsert@2cb4c3ab]" name="testInsert" duration-ms="2" started-at="2020-06-17T15:08:06Z" data-provider="dp" finished-at="2020-06-17T15:08:06Z">
          <params>
            <param index="0">
              <value>
                <![CDATA[longan4]]>
              </value>
            </param>
            <param index="1">
              <value>
                <![CDATA[P12]]>
              </value>
            </param>
            <param index="2">
              <value>
                <![CDATA[Phamlongan]]>
              </value>
            </param>
            <param index="3">
              <value>
                <![CDATA[im.jpfg]]>
              </value>
            </param>
          </params>
          <exception class="java.lang.AssertionError">
            <message>
              <![CDATA[User Test expected [true] but found [false]]]>
            </message>
            <full-stacktrace>
              <![CDATA[java.lang.AssertionError: User Test expected [true] but found [false]
	at org.testng.Assert.fail(Assert.java:94)
	at org.testng.Assert.failNotEquals(Assert.java:494)
	at org.testng.Assert.assertTrue(Assert.java:42)
	at TestNGhah.TestUserInsert.testInsert(TestUserInsert.java:37)
	at sun.reflect.NativeMethodAccessorImpl.invoke0(Native Method)
	at sun.reflect.NativeMethodAccessorImpl.invoke(NativeMethodAccessorImpl.java:62)
	at sun.reflect.DelegatingMethodAccessorImpl.invoke(DelegatingMethodAccessorImpl.java:43)
	at java.lang.reflect.Method.invoke(Method.java:498)
	at org.testng.internal.MethodInvocationHelper.invokeMethod(MethodInvocationHelper.java:84)
	at org.testng.internal.Invoker.invokeMethod(Invoker.java:714)
	at org.testng.internal.Invoker.invokeTestMethod(Invoker.java:901)
	at org.testng.internal.Invoker.invokeTestMethods(Invoker.java:1231)
	at org.testng.internal.TestMethodWorker.invokeTestMethods(TestMethodWorker.java:127)
	at org.testng.internal.TestMethodWorker.run(TestMethodWorker.java:111)
	at org.testng.TestRunner.privateRun(TestRunner.java:767)
	at org.testng.TestRunner.run(TestRunner.java:617)
	at org.testng.SuiteRunner.runTest(SuiteRunner.java:334)
	at org.testng.SuiteRunner.runSequentially(SuiteRunner.java:329)
	at org.testng.SuiteRunner.privateRun(SuiteRunner.java:291)
	at org.testng.SuiteRunner.run(SuiteRunner.java:240)
	at org.testng.SuiteRunnerWorker.runSuite(SuiteRunnerWorker.java:52)
	at org.testng.SuiteRunnerWorker.run(SuiteRunnerWorker.java:86)
	at org.testng.TestNG.runSuitesSequentially(TestNG.java:1224)
	at org.testng.TestNG.runSuitesLocally(TestNG.java:1149)
	at org.testng.TestNG.run(TestNG.java:1057)
	at org.testng.TestNG.privateMain(TestNG.java:1364)
	at org.testng.TestNG.main(TestNG.java:1333)
]]>
            </full-stacktrace>
          </exception> <!-- java.lang.AssertionError -->
          <reporter-output>
          </reporter-output>
        </test-method> <!-- testInsert -->
        <test-method status="PASS" signature="afterMethod(org.testng.ITestResult)[pri:0, instance:TestNGhah.TestUserInsert@2cb4c3ab]" name="afterMethod" is-config="true" duration-ms="81" started-at="2020-06-17T15:08:06Z" finished-at="2020-06-17T15:08:07Z">
          <params>
            <param index="0">
              <value>
                <![CDATA[[TestResult name=testInsert status=FAILURE method=TestUserInsert.testInsert(java.lang.String, java.lang.String, java.lang.String, java.lang.String)[pri:0, instance:TestNGhah.TestUserInsert@2cb4c3ab] output={null}]]]>
              </value>
            </param>
          </params>
          <reporter-output>
          </reporter-output>
        </test-method> <!-- afterMethod -->
        <test-method status="FAIL" signature="testInsert(java.lang.String, java.lang.String, java.lang.String, java.lang.String)[pri:0, instance:TestNGhah.TestUserInsert@2cb4c3ab]" name="testInsert" duration-ms="5" started-at="2020-06-17T15:08:07Z" data-provider="dp" finished-at="2020-06-17T15:08:07Z">
          <params>
            <param index="0">
              <value>
                <![CDATA[longan5]]>
              </value>
            </param>
            <param index="1">
              <value>
                <![CDATA[P123456]]>
              </value>
            </param>
            <param index="2">
              <value>
                <![CDATA[ ]]>
              </value>
            </param>
            <param index="3">
              <value>
                <![CDATA[im.jpfg]]>
              </value>
            </param>
          </params>
          <exception class="java.lang.AssertionError">
            <message>
              <![CDATA[User Test expected [true] but found [false]]]>
            </message>
            <full-stacktrace>
              <![CDATA[java.lang.AssertionError: User Test expected [true] but found [false]
	at org.testng.Assert.fail(Assert.java:94)
	at org.testng.Assert.failNotEquals(Assert.java:494)
	at org.testng.Assert.assertTrue(Assert.java:42)
	at TestNGhah.TestUserInsert.testInsert(TestUserInsert.java:37)
	at sun.reflect.NativeMethodAccessorImpl.invoke0(Native Method)
	at sun.reflect.NativeMethodAccessorImpl.invoke(NativeMethodAccessorImpl.java:62)
	at sun.reflect.DelegatingMethodAccessorImpl.invoke(DelegatingMethodAccessorImpl.java:43)
	at java.lang.reflect.Method.invoke(Method.java:498)
	at org.testng.internal.MethodInvocationHelper.invokeMethod(MethodInvocationHelper.java:84)
	at org.testng.internal.Invoker.invokeMethod(Invoker.java:714)
	at org.testng.internal.Invoker.invokeTestMethod(Invoker.java:901)
	at org.testng.internal.Invoker.invokeTestMethods(Invoker.java:1231)
	at org.testng.internal.TestMethodWorker.invokeTestMethods(TestMethodWorker.java:127)
	at org.testng.internal.TestMethodWorker.run(TestMethodWorker.java:111)
	at org.testng.TestRunner.privateRun(TestRunner.java:767)
	at org.testng.TestRunner.run(TestRunner.java:617)
	at org.testng.SuiteRunner.runTest(SuiteRunner.java:334)
	at org.testng.SuiteRunner.runSequentially(SuiteRunner.java:329)
	at org.testng.SuiteRunner.privateRun(SuiteRunner.java:291)
	at org.testng.SuiteRunner.run(SuiteRunner.java:240)
	at org.testng.SuiteRunnerWorker.runSuite(SuiteRunnerWorker.java:52)
	at org.testng.SuiteRunnerWorker.run(SuiteRunnerWorker.java:86)
	at org.testng.TestNG.runSuitesSequentially(TestNG.java:1224)
	at org.testng.TestNG.runSuitesLocally(TestNG.java:1149)
	at org.testng.TestNG.run(TestNG.java:1057)
	at org.testng.TestNG.privateMain(TestNG.java:1364)
	at org.testng.TestNG.main(TestNG.java:1333)
]]>
            </full-stacktrace>
          </exception> <!-- java.lang.AssertionError -->
          <reporter-output>
          </reporter-output>
        </test-method> <!-- testInsert -->
        <test-method status="PASS" signature="setUp()[pri:0, instance:TestNGhah.TestUserInsert@2cb4c3ab]" name="setUp" is-config="true" duration-ms="0" started-at="2020-06-17T15:08:07Z" finished-at="2020-06-17T15:08:07Z">
          <reporter-output>
          </reporter-output>
        </test-method> <!-- setUp -->
        <test-method status="PASS" signature="afterMethod(org.testng.ITestResult)[pri:0, instance:TestNGhah.TestUserInsert@2cb4c3ab]" name="afterMethod" is-config="true" duration-ms="85" started-at="2020-06-17T15:08:07Z" finished-at="2020-06-17T15:08:07Z">
          <params>
            <param index="0">
              <value>
                <![CDATA[[TestResult name=testInsert status=FAILURE method=TestUserInsert.testInsert(java.lang.String, java.lang.String, java.lang.String, java.lang.String)[pri:0, instance:TestNGhah.TestUserInsert@2cb4c3ab] output={null}]]]>
              </value>
            </param>
          </params>
          <reporter-output>
          </reporter-output>
        </test-method> <!-- afterMethod -->
        <test-method status="PASS" signature="setUp()[pri:0, instance:TestNGhah.TestUserInsert@2cb4c3ab]" name="setUp" is-config="true" duration-ms="0" started-at="2020-06-17T15:08:07Z" finished-at="2020-06-17T15:08:07Z">
          <reporter-output>
          </reporter-output>
        </test-method> <!-- setUp -->
        <test-method status="FAIL" signature="testInsert(java.lang.String, java.lang.String, java.lang.String, java.lang.String)[pri:0, instance:TestNGhah.TestUserInsert@2cb4c3ab]" name="testInsert" duration-ms="104" started-at="2020-06-17T15:08:07Z" data-provider="dp" finished-at="2020-06-17T15:08:07Z">
          <params>
            <param index="0">
              <value>
                <![CDATA[longan12]]>
              </value>
            </param>
            <param index="1">
              <value>
                <![CDATA[P123456]]>
              </value>
            </param>
            <param index="2">
              <value>
                <![CDATA[Phamlongan]]>
              </value>
            </param>
            <param index="3">
              <value>
                <![CDATA[im.jpfg]]>
              </value>
            </param>
          </params>
          <exception class="java.lang.AssertionError">
            <message>
              <![CDATA[User Test expected [true] but found [false]]]>
            </message>
            <full-stacktrace>
              <![CDATA[java.lang.AssertionError: User Test expected [true] but found [false]
	at org.testng.Assert.fail(Assert.java:94)
	at org.testng.Assert.failNotEquals(Assert.java:494)
	at org.testng.Assert.assertTrue(Assert.java:42)
	at TestNGhah.TestUserInsert.testInsert(TestUserInsert.java:37)
	at sun.reflect.NativeMethodAccessorImpl.invoke0(Native Method)
	at sun.reflect.NativeMethodAccessorImpl.invoke(NativeMethodAccessorImpl.java:62)
	at sun.reflect.DelegatingMethodAccessorImpl.invoke(DelegatingMethodAccessorImpl.java:43)
	at java.lang.reflect.Method.invoke(Method.java:498)
	at org.testng.internal.MethodInvocationHelper.invokeMethod(MethodInvocationHelper.java:84)
	at org.testng.internal.Invoker.invokeMethod(Invoker.java:714)
	at org.testng.internal.Invoker.invokeTestMethod(Invoker.java:901)
	at org.testng.internal.Invoker.invokeTestMethods(Invoker.java:1231)
	at org.testng.internal.TestMethodWorker.invokeTestMethods(TestMethodWorker.java:127)
	at org.testng.internal.TestMethodWorker.run(TestMethodWorker.java:111)
	at org.testng.TestRunner.privateRun(TestRunner.java:767)
	at org.testng.TestRunner.run(TestRunner.java:617)
	at org.testng.SuiteRunner.runTest(SuiteRunner.java:334)
	at org.testng.SuiteRunner.runSequentially(SuiteRunner.java:329)
	at org.testng.SuiteRunner.privateRun(SuiteRunner.java:291)
	at org.testng.SuiteRunner.run(SuiteRunner.java:240)
	at org.testng.SuiteRunnerWorker.runSuite(SuiteRunnerWorker.java:52)
	at org.testng.SuiteRunnerWorker.run(SuiteRunnerWorker.java:86)
	at org.testng.TestNG.runSuitesSequentially(TestNG.java:1224)
	at org.testng.TestNG.runSuitesLocally(TestNG.java:1149)
	at org.testng.TestNG.run(TestNG.java:1057)
	at org.testng.TestNG.privateMain(TestNG.java:1364)
	at org.testng.TestNG.main(TestNG.java:1333)
]]>
            </full-stacktrace>
          </exception> <!-- java.lang.AssertionError -->
          <reporter-output>
          </reporter-output>
        </test-method> <!-- testInsert -->
        <test-method status="PASS" signature="afterMethod(org.testng.ITestResult)[pri:0, instance:TestNGhah.TestUserInsert@2cb4c3ab]" name="afterMethod" is-config="true" duration-ms="86" started-at="2020-06-17T15:08:07Z" finished-at="2020-06-17T15:08:07Z">
          <params>
            <param index="0">
              <value>
                <![CDATA[[TestResult name=testInsert status=FAILURE method=TestUserInsert.testInsert(java.lang.String, java.lang.String, java.lang.String, java.lang.String)[pri:0, instance:TestNGhah.TestUserInsert@2cb4c3ab] output={null}]]]>
              </value>
            </param>
          </params>
          <reporter-output>
          </reporter-output>
        </test-method> <!-- afterMethod -->
      </class> <!-- TestNGhah.TestUserInsert -->
      <class name="TestNGhah.TestStaffDelete">
        <test-method status="PASS" signature="testInsert(int, java.lang.String, java.lang.String, java.lang.String, boolean, int, int, java.lang.String, java.lang.String)[pri:0, instance:TestNGhah.TestStaffDelete@12843fce]" name="testInsert" duration-ms="17" started-at="2020-06-17T15:08:03Z" data-provider="dp" finished-at="2020-06-17T15:08:03Z">
          <params>
            <param index="0">
              <value>
                <![CDATA[1]]>
              </value>
            </param>
            <param index="1">
              <value>
                <![CDATA[DP01]]>
              </value>
            </param>
            <param index="2">
              <value>
                <![CDATA[Longan]]>
              </value>
            </param>
            <param index="3">
              <value>
                <![CDATA[longan@gmail.com]]>
              </value>
            </param>
            <param index="4">
              <value>
                <![CDATA[true]]>
              </value>
            </param>
            <param index="5">
              <value>
                <![CDATA[36660]]>
              </value>
            </param>
            <param index="6">
              <value>
                <![CDATA[2000000]]>
              </value>
            </param>
            <param index="7">
              <value>
                <![CDATA[a.jpg]]>
              </value>
            </param>
            <param index="8">
              <value>
                <![CDATA[Xu?t S?c]]>
              </value>
            </param>
          </params>
          <reporter-output>
          </reporter-output>
        </test-method> <!-- testInsert -->
        <test-method status="PASS" signature="setUp()[pri:0, instance:TestNGhah.TestStaffDelete@12843fce]" name="setUp" is-config="true" duration-ms="0" started-at="2020-06-17T15:08:03Z" finished-at="2020-06-17T15:08:03Z">
          <reporter-output>
          </reporter-output>
        </test-method> <!-- setUp -->
        <test-method status="PASS" signature="afterMethod(org.testng.ITestResult)[pri:0, instance:TestNGhah.TestStaffDelete@12843fce]" name="afterMethod" is-config="true" duration-ms="125" started-at="2020-06-17T15:08:03Z" finished-at="2020-06-17T15:08:03Z">
          <params>
            <param index="0">
              <value>
                <![CDATA[[TestResult name=testInsert status=SUCCESS method=TestStaffDelete.testInsert(int, java.lang.String, java.lang.String, java.lang.String, boolean, int, int, java.lang.String, java.lang.String)[pri:0, instance:TestNGhah.TestStaffDelete@12843fce] output={null}]]]>
              </value>
            </param>
          </params>
          <reporter-output>
          </reporter-output>
        </test-method> <!-- afterMethod -->
        <test-method status="FAIL" signature="testInsert(int, java.lang.String, java.lang.String, java.lang.String, boolean, int, int, java.lang.String, java.lang.String)[pri:0, instance:TestNGhah.TestStaffDelete@12843fce]" name="testInsert" duration-ms="0" started-at="2020-06-17T15:08:03Z" data-provider="dp" finished-at="2020-06-17T15:08:03Z">
          <params>
            <param index="0">
              <value>
                <![CDATA[tuinemoinguoi]]>
              </value>
            </param>
            <param index="1">
              <value>
                <![CDATA[DP02]]>
              </value>
            </param>
            <param index="2">
              <value>
                <![CDATA[Longan]]>
              </value>
            </param>
            <param index="3">
              <value>
                <![CDATA[longan@gmail.com]]>
              </value>
            </param>
            <param index="4">
              <value>
                <![CDATA[true]]>
              </value>
            </param>
            <param index="5">
              <value>
                <![CDATA[36661]]>
              </value>
            </param>
            <param index="6">
              <value>
                <![CDATA[2000001]]>
              </value>
            </param>
            <param index="7">
              <value>
                <![CDATA[a.jpg]]>
              </value>
            </param>
            <param index="8">
              <value>
                <![CDATA[Xu?t S?c]]>
              </value>
            </param>
          </params>
          <exception class="java.lang.IllegalArgumentException">
            <message>
              <![CDATA[argument type mismatch]]>
            </message>
            <full-stacktrace>
              <![CDATA[java.lang.IllegalArgumentException: argument type mismatch
	at sun.reflect.NativeMethodAccessorImpl.invoke0(Native Method)
	at sun.reflect.NativeMethodAccessorImpl.invoke(NativeMethodAccessorImpl.java:62)
	at sun.reflect.DelegatingMethodAccessorImpl.invoke(DelegatingMethodAccessorImpl.java:43)
	at java.lang.reflect.Method.invoke(Method.java:498)
	at org.testng.internal.MethodInvocationHelper.invokeMethod(MethodInvocationHelper.java:84)
	at org.testng.internal.Invoker.invokeMethod(Invoker.java:714)
	at org.testng.internal.Invoker.invokeTestMethod(Invoker.java:901)
	at org.testng.internal.Invoker.invokeTestMethods(Invoker.java:1231)
	at org.testng.internal.TestMethodWorker.invokeTestMethods(TestMethodWorker.java:127)
	at org.testng.internal.TestMethodWorker.run(TestMethodWorker.java:111)
	at org.testng.TestRunner.privateRun(TestRunner.java:767)
	at org.testng.TestRunner.run(TestRunner.java:617)
	at org.testng.SuiteRunner.runTest(SuiteRunner.java:334)
	at org.testng.SuiteRunner.runSequentially(SuiteRunner.java:329)
	at org.testng.SuiteRunner.privateRun(SuiteRunner.java:291)
	at org.testng.SuiteRunner.run(SuiteRunner.java:240)
	at org.testng.SuiteRunnerWorker.runSuite(SuiteRunnerWorker.java:52)
	at org.testng.SuiteRunnerWorker.run(SuiteRunnerWorker.java:86)
	at org.testng.TestNG.runSuitesSequentially(TestNG.java:1224)
	at org.testng.TestNG.runSuitesLocally(TestNG.java:1149)
	at org.testng.TestNG.run(TestNG.java:1057)
	at org.testng.TestNG.privateMain(TestNG.java:1364)
	at org.testng.TestNG.main(TestNG.java:1333)
]]>
            </full-stacktrace>
          </exception> <!-- java.lang.IllegalArgumentException -->
          <reporter-output>
          </reporter-output>
        </test-method> <!-- testInsert -->
        <test-method status="PASS" signature="setUp()[pri:0, instance:TestNGhah.TestStaffDelete@12843fce]" name="setUp" is-config="true" duration-ms="0" started-at="2020-06-17T15:08:03Z" finished-at="2020-06-17T15:08:03Z">
          <reporter-output>
          </reporter-output>
        </test-method> <!-- setUp -->
        <test-method status="PASS" signature="afterMethod(org.testng.ITestResult)[pri:0, instance:TestNGhah.TestStaffDelete@12843fce]" name="afterMethod" is-config="true" duration-ms="127" started-at="2020-06-17T15:08:03Z" finished-at="2020-06-17T15:08:03Z">
          <params>
            <param index="0">
              <value>
                <![CDATA[[TestResult name=testInsert status=FAILURE method=TestStaffDelete.testInsert(int, java.lang.String, java.lang.String, java.lang.String, boolean, int, int, java.lang.String, java.lang.String)[pri:0, instance:TestNGhah.TestStaffDelete@12843fce] output={null}]]]>
              </value>
            </param>
          </params>
          <reporter-output>
          </reporter-output>
        </test-method> <!-- afterMethod -->
      </class> <!-- TestNGhah.TestStaffDelete -->
      <class name="TestNGhah.TestLogin">
        <test-method status="PASS" signature="setUp()[pri:0, instance:TestNGhah.TestLogin@61dc03ce]" name="setUp" is-config="true" duration-ms="8828" started-at="2020-06-17T15:07:05Z" finished-at="2020-06-17T15:07:14Z">
          <reporter-output>
          </reporter-output>
        </test-method> <!-- setUp -->
        <test-method status="PASS" signature="testLogin(java.lang.String, java.lang.String)[pri:0, instance:TestNGhah.TestLogin@61dc03ce]" name="testLogin" duration-ms="29868" started-at="2020-06-17T15:07:14Z" data-provider="Authentication" finished-at="2020-06-17T15:07:44Z">
          <params>
            <param index="0">
              <value>
                <![CDATA[longan12]]>
              </value>
            </param>
            <param index="1">
              <value>
                <![CDATA[P123456]]>
              </value>
            </param>
          </params>
          <reporter-output>
          </reporter-output>
        </test-method> <!-- testLogin -->
        <test-method status="PASS" signature="afterMethod(org.testng.ITestResult)[pri:0, instance:TestNGhah.TestLogin@61dc03ce]" name="afterMethod" is-config="true" duration-ms="225" started-at="2020-06-17T15:07:44Z" finished-at="2020-06-17T15:07:44Z">
          <params>
            <param index="0">
              <value>
                <![CDATA[[TestResult name=testLogin status=SUCCESS method=TestLogin.testLogin(java.lang.String, java.lang.String)[pri:0, instance:TestNGhah.TestLogin@61dc03ce] output={null}]]]>
              </value>
            </param>
          </params>
          <reporter-output>
          </reporter-output>
        </test-method> <!-- afterMethod -->
        <test-method status="PASS" signature="setUp()[pri:0, instance:TestNGhah.TestLogin@61dc03ce]" name="setUp" is-config="true" duration-ms="5001" started-at="2020-06-17T15:07:44Z" finished-at="2020-06-17T15:07:49Z">
          <reporter-output>
          </reporter-output>
        </test-method> <!-- setUp -->
        <test-method status="FAIL" signature="testLogin(java.lang.String, java.lang.String)[pri:0, instance:TestNGhah.TestLogin@61dc03ce]" name="testLogin" duration-ms="685" started-at="2020-06-17T15:07:49Z" data-provider="Authentication" finished-at="2020-06-17T15:07:50Z">
          <params>
            <param index="0">
              <value>
                <![CDATA[Phamlongan]]>
              </value>
            </param>
            <param index="1">
              <value>
                <![CDATA[P123456]]>
              </value>
            </param>
          </params>
          <exception class="java.lang.AssertionError">
            <message>
              <![CDATA[expected [http://localhost:8084/ASM_QuanLyNhanVienOld/user/edit.html?nameofuser=Phamlongan] but found [http://localhost:8084/ASM_QuanLyNhanVienOld/user/login.html]]]>
            </message>
            <full-stacktrace>
              <![CDATA[java.lang.AssertionError: expected [http://localhost:8084/ASM_QuanLyNhanVienOld/user/edit.html?nameofuser=Phamlongan] but found [http://localhost:8084/ASM_QuanLyNhanVienOld/user/login.html]
	at org.testng.Assert.fail(Assert.java:94)
	at org.testng.Assert.failNotEquals(Assert.java:494)
	at org.testng.Assert.assertEquals(Assert.java:123)
	at org.testng.Assert.assertEquals(Assert.java:176)
	at org.testng.Assert.assertEquals(Assert.java:186)
	at TestNGhah.TestLogin.testLogin(TestLogin.java:75)
	at sun.reflect.NativeMethodAccessorImpl.invoke0(Native Method)
	at sun.reflect.NativeMethodAccessorImpl.invoke(NativeMethodAccessorImpl.java:62)
	at sun.reflect.DelegatingMethodAccessorImpl.invoke(DelegatingMethodAccessorImpl.java:43)
	at java.lang.reflect.Method.invoke(Method.java:498)
	at org.testng.internal.MethodInvocationHelper.invokeMethod(MethodInvocationHelper.java:84)
	at org.testng.internal.Invoker.invokeMethod(Invoker.java:714)
	at org.testng.internal.Invoker.invokeTestMethod(Invoker.java:901)
	at org.testng.internal.Invoker.invokeTestMethods(Invoker.java:1231)
	at org.testng.internal.TestMethodWorker.invokeTestMethods(TestMethodWorker.java:127)
	at org.testng.internal.TestMethodWorker.run(TestMethodWorker.java:111)
	at org.testng.TestRunner.privateRun(TestRunner.java:767)
	at org.testng.TestRunner.run(TestRunner.java:617)
	at org.testng.SuiteRunner.runTest(SuiteRunner.java:334)
	at org.testng.SuiteRunner.runSequentially(SuiteRunner.java:329)
	at org.testng.SuiteRunner.privateRun(SuiteRunner.java:291)
	at org.testng.SuiteRunner.run(SuiteRunner.java:240)
	at org.testng.SuiteRunnerWorker.runSuite(SuiteRunnerWorker.java:52)
	at org.testng.SuiteRunnerWorker.run(SuiteRunnerWorker.java:86)
	at org.testng.TestNG.runSuitesSequentially(TestNG.java:1224)
	at org.testng.TestNG.runSuitesLocally(TestNG.java:1149)
	at org.testng.TestNG.run(TestNG.java:1057)
	at org.testng.TestNG.privateMain(TestNG.java:1364)
	at org.testng.TestNG.main(TestNG.java:1333)
]]>
            </full-stacktrace>
          </exception> <!-- java.lang.AssertionError -->
          <reporter-output>
          </reporter-output>
        </test-method> <!-- testLogin -->
        <test-method status="PASS" signature="afterMethod(org.testng.ITestResult)[pri:0, instance:TestNGhah.TestLogin@61dc03ce]" name="afterMethod" is-config="true" duration-ms="217" started-at="2020-06-17T15:07:50Z" finished-at="2020-06-17T15:07:50Z">
          <params>
            <param index="0">
              <value>
                <![CDATA[[TestResult name=testLogin status=FAILURE method=TestLogin.testLogin(java.lang.String, java.lang.String)[pri:0, instance:TestNGhah.TestLogin@61dc03ce] output={null}]]]>
              </value>
            </param>
          </params>
          <reporter-output>
          </reporter-output>
        </test-method> <!-- afterMethod -->
        <test-method status="PASS" signature="setUp()[pri:0, instance:TestNGhah.TestLogin@61dc03ce]" name="setUp" is-config="true" duration-ms="4940" started-at="2020-06-17T15:07:50Z" finished-at="2020-06-17T15:07:55Z">
          <reporter-output>
          </reporter-output>
        </test-method> <!-- setUp -->
        <test-method status="FAIL" signature="testLogin(java.lang.String, java.lang.String)[pri:0, instance:TestNGhah.TestLogin@61dc03ce]" name="testLogin" duration-ms="637" started-at="2020-06-17T15:07:55Z" data-provider="Authentication" finished-at="2020-06-17T15:07:55Z">
          <params>
            <param index="0">
              <value>
                <![CDATA[ ]]>
              </value>
            </param>
            <param index="1">
              <value>
                <![CDATA[P123456]]>
              </value>
            </param>
          </params>
          <exception class="java.lang.AssertionError">
            <message>
              <![CDATA[expected [http://localhost:8084/ASM_QuanLyNhanVienOld/user/edit.html?nameofuser= ] but found [http://localhost:8084/ASM_QuanLyNhanVienOld/user/login.html]]]>
            </message>
            <full-stacktrace>
              <![CDATA[java.lang.AssertionError: expected [http://localhost:8084/ASM_QuanLyNhanVienOld/user/edit.html?nameofuser= ] but found [http://localhost:8084/ASM_QuanLyNhanVienOld/user/login.html]
	at org.testng.Assert.fail(Assert.java:94)
	at org.testng.Assert.failNotEquals(Assert.java:494)
	at org.testng.Assert.assertEquals(Assert.java:123)
	at org.testng.Assert.assertEquals(Assert.java:176)
	at org.testng.Assert.assertEquals(Assert.java:186)
	at TestNGhah.TestLogin.testLogin(TestLogin.java:75)
	at sun.reflect.NativeMethodAccessorImpl.invoke0(Native Method)
	at sun.reflect.NativeMethodAccessorImpl.invoke(NativeMethodAccessorImpl.java:62)
	at sun.reflect.DelegatingMethodAccessorImpl.invoke(DelegatingMethodAccessorImpl.java:43)
	at java.lang.reflect.Method.invoke(Method.java:498)
	at org.testng.internal.MethodInvocationHelper.invokeMethod(MethodInvocationHelper.java:84)
	at org.testng.internal.Invoker.invokeMethod(Invoker.java:714)
	at org.testng.internal.Invoker.invokeTestMethod(Invoker.java:901)
	at org.testng.internal.Invoker.invokeTestMethods(Invoker.java:1231)
	at org.testng.internal.TestMethodWorker.invokeTestMethods(TestMethodWorker.java:127)
	at org.testng.internal.TestMethodWorker.run(TestMethodWorker.java:111)
	at org.testng.TestRunner.privateRun(TestRunner.java:767)
	at org.testng.TestRunner.run(TestRunner.java:617)
	at org.testng.SuiteRunner.runTest(SuiteRunner.java:334)
	at org.testng.SuiteRunner.runSequentially(SuiteRunner.java:329)
	at org.testng.SuiteRunner.privateRun(SuiteRunner.java:291)
	at org.testng.SuiteRunner.run(SuiteRunner.java:240)
	at org.testng.SuiteRunnerWorker.runSuite(SuiteRunnerWorker.java:52)
	at org.testng.SuiteRunnerWorker.run(SuiteRunnerWorker.java:86)
	at org.testng.TestNG.runSuitesSequentially(TestNG.java:1224)
	at org.testng.TestNG.runSuitesLocally(TestNG.java:1149)
	at org.testng.TestNG.run(TestNG.java:1057)
	at org.testng.TestNG.privateMain(TestNG.java:1364)
	at org.testng.TestNG.main(TestNG.java:1333)
]]>
            </full-stacktrace>
          </exception> <!-- java.lang.AssertionError -->
          <reporter-output>
          </reporter-output>
        </test-method> <!-- testLogin -->
        <test-method status="PASS" signature="afterMethod(org.testng.ITestResult)[pri:0, instance:TestNGhah.TestLogin@61dc03ce]" name="afterMethod" is-config="true" duration-ms="241" started-at="2020-06-17T15:07:55Z" finished-at="2020-06-17T15:07:56Z">
          <params>
            <param index="0">
              <value>
                <![CDATA[[TestResult name=testLogin status=FAILURE method=TestLogin.testLogin(java.lang.String, java.lang.String)[pri:0, instance:TestNGhah.TestLogin@61dc03ce] output={null}]]]>
              </value>
            </param>
          </params>
          <reporter-output>
          </reporter-output>
        </test-method> <!-- afterMethod -->
        <test-method status="PASS" signature="setUp()[pri:0, instance:TestNGhah.TestLogin@61dc03ce]" name="setUp" is-config="true" duration-ms="5407" started-at="2020-06-17T15:07:56Z" finished-at="2020-06-17T15:08:01Z">
          <reporter-output>
          </reporter-output>
        </test-method> <!-- setUp -->
        <test-method status="FAIL" signature="testLogin(java.lang.String, java.lang.String)[pri:0, instance:TestNGhah.TestLogin@61dc03ce]" name="testLogin" duration-ms="609" started-at="2020-06-17T15:08:01Z" data-provider="Authentication" finished-at="2020-06-17T15:08:02Z">
          <params>
            <param index="0">
              <value>
                <![CDATA[longan12]]>
              </value>
            </param>
            <param index="1">
              <value>
                <![CDATA[ ]]>
              </value>
            </param>
          </params>
          <exception class="java.lang.AssertionError">
            <message>
              <![CDATA[expected [http://localhost:8084/ASM_QuanLyNhanVienOld/user/edit.html?nameofuser=longan12] but found [http://localhost:8084/ASM_QuanLyNhanVienOld/user/login.html]]]>
            </message>
            <full-stacktrace>
              <![CDATA[java.lang.AssertionError: expected [http://localhost:8084/ASM_QuanLyNhanVienOld/user/edit.html?nameofuser=longan12] but found [http://localhost:8084/ASM_QuanLyNhanVienOld/user/login.html]
	at org.testng.Assert.fail(Assert.java:94)
	at org.testng.Assert.failNotEquals(Assert.java:494)
	at org.testng.Assert.assertEquals(Assert.java:123)
	at org.testng.Assert.assertEquals(Assert.java:176)
	at org.testng.Assert.assertEquals(Assert.java:186)
	at TestNGhah.TestLogin.testLogin(TestLogin.java:75)
	at sun.reflect.NativeMethodAccessorImpl.invoke0(Native Method)
	at sun.reflect.NativeMethodAccessorImpl.invoke(NativeMethodAccessorImpl.java:62)
	at sun.reflect.DelegatingMethodAccessorImpl.invoke(DelegatingMethodAccessorImpl.java:43)
	at java.lang.reflect.Method.invoke(Method.java:498)
	at org.testng.internal.MethodInvocationHelper.invokeMethod(MethodInvocationHelper.java:84)
	at org.testng.internal.Invoker.invokeMethod(Invoker.java:714)
	at org.testng.internal.Invoker.invokeTestMethod(Invoker.java:901)
	at org.testng.internal.Invoker.invokeTestMethods(Invoker.java:1231)
	at org.testng.internal.TestMethodWorker.invokeTestMethods(TestMethodWorker.java:127)
	at org.testng.internal.TestMethodWorker.run(TestMethodWorker.java:111)
	at org.testng.TestRunner.privateRun(TestRunner.java:767)
	at org.testng.TestRunner.run(TestRunner.java:617)
	at org.testng.SuiteRunner.runTest(SuiteRunner.java:334)
	at org.testng.SuiteRunner.runSequentially(SuiteRunner.java:329)
	at org.testng.SuiteRunner.privateRun(SuiteRunner.java:291)
	at org.testng.SuiteRunner.run(SuiteRunner.java:240)
	at org.testng.SuiteRunnerWorker.runSuite(SuiteRunnerWorker.java:52)
	at org.testng.SuiteRunnerWorker.run(SuiteRunnerWorker.java:86)
	at org.testng.TestNG.runSuitesSequentially(TestNG.java:1224)
	at org.testng.TestNG.runSuitesLocally(TestNG.java:1149)
	at org.testng.TestNG.run(TestNG.java:1057)
	at org.testng.TestNG.privateMain(TestNG.java:1364)
	at org.testng.TestNG.main(TestNG.java:1333)
]]>
            </full-stacktrace>
          </exception> <!-- java.lang.AssertionError -->
          <reporter-output>
          </reporter-output>
        </test-method> <!-- testLogin -->
        <test-method status="PASS" signature="afterMethod(org.testng.ITestResult)[pri:0, instance:TestNGhah.TestLogin@61dc03ce]" name="afterMethod" is-config="true" duration-ms="216" started-at="2020-06-17T15:08:02Z" finished-at="2020-06-17T15:08:02Z">
          <params>
            <param index="0">
              <value>
                <![CDATA[[TestResult name=testLogin status=FAILURE method=TestLogin.testLogin(java.lang.String, java.lang.String)[pri:0, instance:TestNGhah.TestLogin@61dc03ce] output={null}]]]>
              </value>
            </param>
          </params>
          <reporter-output>
          </reporter-output>
        </test-method> <!-- afterMethod -->
      </class> <!-- TestNGhah.TestLogin -->
      <class name="TestNGhah.TestDepartDelete">
        <test-method status="PASS" signature="setUp()[pri:0, instance:TestNGhah.TestDepartDelete@3dd3bcd]" name="setUp" is-config="true" duration-ms="11" started-at="2020-06-17T15:07:00Z" finished-at="2020-06-17T15:07:00Z">
          <reporter-output>
          </reporter-output>
        </test-method> <!-- setUp -->
        <test-method status="FAIL" signature="testInsert(java.lang.String, java.lang.String)[pri:0, instance:TestNGhah.TestDepartDelete@3dd3bcd]" name="testInsert" duration-ms="2103" started-at="2020-06-17T15:07:00Z" data-provider="dp" finished-at="2020-06-17T15:07:02Z">
          <params>
            <param index="0">
              <value>
                <![CDATA[DP01]]>
              </value>
            </param>
            <param index="1">
              <value>
                <![CDATA[Qu?n Tr?]]>
              </value>
            </param>
          </params>
          <exception class="java.lang.AssertionError">
            <message>
              <![CDATA[User Test expected [true] but found [false]]]>
            </message>
            <full-stacktrace>
              <![CDATA[java.lang.AssertionError: User Test expected [true] but found [false]
	at org.testng.Assert.fail(Assert.java:94)
	at org.testng.Assert.failNotEquals(Assert.java:494)
	at org.testng.Assert.assertTrue(Assert.java:42)
	at TestNGhah.TestDepartDelete.testInsert(TestDepartDelete.java:37)
	at sun.reflect.NativeMethodAccessorImpl.invoke0(Native Method)
	at sun.reflect.NativeMethodAccessorImpl.invoke(NativeMethodAccessorImpl.java:62)
	at sun.reflect.DelegatingMethodAccessorImpl.invoke(DelegatingMethodAccessorImpl.java:43)
	at java.lang.reflect.Method.invoke(Method.java:498)
	at org.testng.internal.MethodInvocationHelper.invokeMethod(MethodInvocationHelper.java:84)
	at org.testng.internal.Invoker.invokeMethod(Invoker.java:714)
	at org.testng.internal.Invoker.invokeTestMethod(Invoker.java:901)
	at org.testng.internal.Invoker.invokeTestMethods(Invoker.java:1231)
	at org.testng.internal.TestMethodWorker.invokeTestMethods(TestMethodWorker.java:127)
	at org.testng.internal.TestMethodWorker.run(TestMethodWorker.java:111)
	at org.testng.TestRunner.privateRun(TestRunner.java:767)
	at org.testng.TestRunner.run(TestRunner.java:617)
	at org.testng.SuiteRunner.runTest(SuiteRunner.java:334)
	at org.testng.SuiteRunner.runSequentially(SuiteRunner.java:329)
	at org.testng.SuiteRunner.privateRun(SuiteRunner.java:291)
	at org.testng.SuiteRunner.run(SuiteRunner.java:240)
	at org.testng.SuiteRunnerWorker.runSuite(SuiteRunnerWorker.java:52)
	at org.testng.SuiteRunnerWorker.run(SuiteRunnerWorker.java:86)
	at org.testng.TestNG.runSuitesSequentially(TestNG.java:1224)
	at org.testng.TestNG.runSuitesLocally(TestNG.java:1149)
	at org.testng.TestNG.run(TestNG.java:1057)
	at org.testng.TestNG.privateMain(TestNG.java:1364)
	at org.testng.TestNG.main(TestNG.java:1333)
]]>
            </full-stacktrace>
          </exception> <!-- java.lang.AssertionError -->
          <reporter-output>
          </reporter-output>
        </test-method> <!-- testInsert -->
        <test-method status="PASS" signature="afterMethod(org.testng.ITestResult)[pri:0, instance:TestNGhah.TestDepartDelete@3dd3bcd]" name="afterMethod" is-config="true" duration-ms="414" started-at="2020-06-17T15:07:02Z" finished-at="2020-06-17T15:07:03Z">
          <params>
            <param index="0">
              <value>
                <![CDATA[[TestResult name=testInsert status=FAILURE method=TestDepartDelete.testInsert(java.lang.String, java.lang.String)[pri:0, instance:TestNGhah.TestDepartDelete@3dd3bcd] output={null}]]]>
              </value>
            </param>
          </params>
          <reporter-output>
          </reporter-output>
        </test-method> <!-- afterMethod -->
        <test-method status="PASS" signature="setUp()[pri:0, instance:TestNGhah.TestDepartDelete@3dd3bcd]" name="setUp" is-config="true" duration-ms="0" started-at="2020-06-17T15:07:03Z" finished-at="2020-06-17T15:07:03Z">
          <reporter-output>
          </reporter-output>
        </test-method> <!-- setUp -->
        <test-method status="PASS" signature="testInsert(java.lang.String, java.lang.String)[pri:0, instance:TestNGhah.TestDepartDelete@3dd3bcd]" name="testInsert" duration-ms="4" started-at="2020-06-17T15:07:03Z" data-provider="dp" finished-at="2020-06-17T15:07:03Z">
          <params>
            <param index="0">
              <value>
                <![CDATA[ Aloo]]>
              </value>
            </param>
            <param index="1">
              <value>
                <![CDATA[ Qu?n tr?]]>
              </value>
            </param>
          </params>
          <reporter-output>
          </reporter-output>
        </test-method> <!-- testInsert -->
        <test-method status="PASS" signature="afterMethod(org.testng.ITestResult)[pri:0, instance:TestNGhah.TestDepartDelete@3dd3bcd]" name="afterMethod" is-config="true" duration-ms="247" started-at="2020-06-17T15:07:03Z" finished-at="2020-06-17T15:07:03Z">
          <params>
            <param index="0">
              <value>
                <![CDATA[[TestResult name=testInsert status=SUCCESS method=TestDepartDelete.testInsert(java.lang.String, java.lang.String)[pri:0, instance:TestNGhah.TestDepartDelete@3dd3bcd] output={null}]]]>
              </value>
            </param>
          </params>
          <reporter-output>
          </reporter-output>
        </test-method> <!-- afterMethod -->
      </class> <!-- TestNGhah.TestDepartDelete -->
      <class name="TestNGhah.TestStaffInsert">
        <test-method status="PASS" signature="setUp()[pri:0, instance:TestNGhah.TestStaffInsert@737996a0]" name="setUp" is-config="true" duration-ms="0" started-at="2020-06-17T15:08:03Z" finished-at="2020-06-17T15:08:03Z">
          <reporter-output>
          </reporter-output>
        </test-method> <!-- setUp -->
        <test-method status="PASS" signature="testInsert(int, java.lang.String, java.lang.String, java.lang.String, boolean, int, int, java.lang.String, java.lang.String)[pri:0, instance:TestNGhah.TestStaffInsert@737996a0]" name="testInsert" duration-ms="7" started-at="2020-06-17T15:08:03Z" data-provider="dp" finished-at="2020-06-17T15:08:03Z">
          <params>
            <param index="0">
              <value>
                <![CDATA[1]]>
              </value>
            </param>
            <param index="1">
              <value>
                <![CDATA[DP01]]>
              </value>
            </param>
            <param index="2">
              <value>
                <![CDATA[Longan]]>
              </value>
            </param>
            <param index="3">
              <value>
                <![CDATA[longan@gmail.com]]>
              </value>
            </param>
            <param index="4">
              <value>
                <![CDATA[true]]>
              </value>
            </param>
            <param index="5">
              <value>
                <![CDATA[36660]]>
              </value>
            </param>
            <param index="6">
              <value>
                <![CDATA[2000000]]>
              </value>
            </param>
            <param index="7">
              <value>
                <![CDATA[a.jpg]]>
              </value>
            </param>
            <param index="8">
              <value>
                <![CDATA[Xu?t S?c]]>
              </value>
            </param>
          </params>
          <reporter-output>
          </reporter-output>
        </test-method> <!-- testInsert -->
        <test-method status="PASS" signature="afterMethod(org.testng.ITestResult)[pri:0, instance:TestNGhah.TestStaffInsert@737996a0]" name="afterMethod" is-config="true" duration-ms="130" started-at="2020-06-17T15:08:03Z" finished-at="2020-06-17T15:08:03Z">
          <params>
            <param index="0">
              <value>
                <![CDATA[[TestResult name=testInsert status=SUCCESS method=TestStaffInsert.testInsert(int, java.lang.String, java.lang.String, java.lang.String, boolean, int, int, java.lang.String, java.lang.String)[pri:0, instance:TestNGhah.TestStaffInsert@737996a0] output={null}]]]>
              </value>
            </param>
          </params>
          <reporter-output>
          </reporter-output>
        </test-method> <!-- afterMethod -->
        <test-method status="FAIL" signature="testInsert(int, java.lang.String, java.lang.String, java.lang.String, boolean, int, int, java.lang.String, java.lang.String)[pri:0, instance:TestNGhah.TestStaffInsert@737996a0]" name="testInsert" duration-ms="0" started-at="2020-06-17T15:08:03Z" data-provider="dp" finished-at="2020-06-17T15:08:03Z">
          <params>
            <param index="0">
              <value>
                <![CDATA[2]]>
              </value>
            </param>
            <param index="1">
              <value>
                <![CDATA[ ]]>
              </value>
            </param>
            <param index="2">
              <value>
                <![CDATA[  ]]>
              </value>
            </param>
            <param index="3">
              <value>
                <![CDATA[ ]]>
              </value>
            </param>
            <param index="4">
              <value>
                <![CDATA[ ]]>
              </value>
            </param>
            <param index="5">
              <value>
                <![CDATA[ ]]>
              </value>
            </param>
            <param index="6">
              <value>
                <![CDATA[ ]]>
              </value>
            </param>
            <param index="7">
              <value>
                <![CDATA[ ]]>
              </value>
            </param>
            <param index="8">
              <value>
                <![CDATA[ ]]>
              </value>
            </param>
          </params>
          <exception class="java.lang.IllegalArgumentException">
            <message>
              <![CDATA[argument type mismatch]]>
            </message>
            <full-stacktrace>
              <![CDATA[java.lang.IllegalArgumentException: argument type mismatch
	at sun.reflect.NativeMethodAccessorImpl.invoke0(Native Method)
	at sun.reflect.NativeMethodAccessorImpl.invoke(NativeMethodAccessorImpl.java:62)
	at sun.reflect.DelegatingMethodAccessorImpl.invoke(DelegatingMethodAccessorImpl.java:43)
	at java.lang.reflect.Method.invoke(Method.java:498)
	at org.testng.internal.MethodInvocationHelper.invokeMethod(MethodInvocationHelper.java:84)
	at org.testng.internal.Invoker.invokeMethod(Invoker.java:714)
	at org.testng.internal.Invoker.invokeTestMethod(Invoker.java:901)
	at org.testng.internal.Invoker.invokeTestMethods(Invoker.java:1231)
	at org.testng.internal.TestMethodWorker.invokeTestMethods(TestMethodWorker.java:127)
	at org.testng.internal.TestMethodWorker.run(TestMethodWorker.java:111)
	at org.testng.TestRunner.privateRun(TestRunner.java:767)
	at org.testng.TestRunner.run(TestRunner.java:617)
	at org.testng.SuiteRunner.runTest(SuiteRunner.java:334)
	at org.testng.SuiteRunner.runSequentially(SuiteRunner.java:329)
	at org.testng.SuiteRunner.privateRun(SuiteRunner.java:291)
	at org.testng.SuiteRunner.run(SuiteRunner.java:240)
	at org.testng.SuiteRunnerWorker.runSuite(SuiteRunnerWorker.java:52)
	at org.testng.SuiteRunnerWorker.run(SuiteRunnerWorker.java:86)
	at org.testng.TestNG.runSuitesSequentially(TestNG.java:1224)
	at org.testng.TestNG.runSuitesLocally(TestNG.java:1149)
	at org.testng.TestNG.run(TestNG.java:1057)
	at org.testng.TestNG.privateMain(TestNG.java:1364)
	at org.testng.TestNG.main(TestNG.java:1333)
]]>
            </full-stacktrace>
          </exception> <!-- java.lang.IllegalArgumentException -->
          <reporter-output>
          </reporter-output>
        </test-method> <!-- testInsert -->
        <test-method status="PASS" signature="setUp()[pri:0, instance:TestNGhah.TestStaffInsert@737996a0]" name="setUp" is-config="true" duration-ms="0" started-at="2020-06-17T15:08:03Z" finished-at="2020-06-17T15:08:03Z">
          <reporter-output>
          </reporter-output>
        </test-method> <!-- setUp -->
        <test-method status="PASS" signature="afterMethod(org.testng.ITestResult)[pri:0, instance:TestNGhah.TestStaffInsert@737996a0]" name="afterMethod" is-config="true" duration-ms="102" started-at="2020-06-17T15:08:03Z" finished-at="2020-06-17T15:08:03Z">
          <params>
            <param index="0">
              <value>
                <![CDATA[[TestResult name=testInsert status=FAILURE method=TestStaffInsert.testInsert(int, java.lang.String, java.lang.String, java.lang.String, boolean, int, int, java.lang.String, java.lang.String)[pri:0, instance:TestNGhah.TestStaffInsert@737996a0] output={null}]]]>
              </value>
            </param>
          </params>
          <reporter-output>
          </reporter-output>
        </test-method> <!-- afterMethod -->
        <test-method status="PASS" signature="setUp()[pri:0, instance:TestNGhah.TestStaffInsert@737996a0]" name="setUp" is-config="true" duration-ms="0" started-at="2020-06-17T15:08:03Z" finished-at="2020-06-17T15:08:03Z">
          <reporter-output>
          </reporter-output>
        </test-method> <!-- setUp -->
        <test-method status="PASS" signature="testInsert(int, java.lang.String, java.lang.String, java.lang.String, boolean, int, int, java.lang.String, java.lang.String)[pri:0, instance:TestNGhah.TestStaffInsert@737996a0]" name="testInsert" duration-ms="8" started-at="2020-06-17T15:08:03Z" data-provider="dp" finished-at="2020-06-17T15:08:03Z">
          <params>
            <param index="0">
              <value>
                <![CDATA[3]]>
              </value>
            </param>
            <param index="1">
              <value>
                <![CDATA[DP03]]>
              </value>
            </param>
            <param index="2">
              <value>
                <![CDATA[]]>
              </value>
            </param>
            <param index="3">
              <value>
                <![CDATA[longan@gmail.com]]>
              </value>
            </param>
            <param index="4">
              <value>
                <![CDATA[true]]>
              </value>
            </param>
            <param index="5">
              <value>
                <![CDATA[36662]]>
              </value>
            </param>
            <param index="6">
              <value>
                <![CDATA[2000000]]>
              </value>
            </param>
            <param index="7">
              <value>
                <![CDATA[a.jpg]]>
              </value>
            </param>
            <param index="8">
              <value>
                <![CDATA[Xu?t S?c]]>
              </value>
            </param>
          </params>
          <reporter-output>
          </reporter-output>
        </test-method> <!-- testInsert -->
        <test-method status="PASS" signature="afterMethod(org.testng.ITestResult)[pri:0, instance:TestNGhah.TestStaffInsert@737996a0]" name="afterMethod" is-config="true" duration-ms="101" started-at="2020-06-17T15:08:03Z" finished-at="2020-06-17T15:08:04Z">
          <params>
            <param index="0">
              <value>
                <![CDATA[[TestResult name=testInsert status=SUCCESS method=TestStaffInsert.testInsert(int, java.lang.String, java.lang.String, java.lang.String, boolean, int, int, java.lang.String, java.lang.String)[pri:0, instance:TestNGhah.TestStaffInsert@737996a0] output={null}]]]>
              </value>
            </param>
          </params>
          <reporter-output>
          </reporter-output>
        </test-method> <!-- afterMethod -->
        <test-method status="PASS" signature="setUp()[pri:0, instance:TestNGhah.TestStaffInsert@737996a0]" name="setUp" is-config="true" duration-ms="1" started-at="2020-06-17T15:08:04Z" finished-at="2020-06-17T15:08:04Z">
          <reporter-output>
          </reporter-output>
        </test-method> <!-- setUp -->
        <test-method status="FAIL" signature="testInsert(int, java.lang.String, java.lang.String, java.lang.String, boolean, int, int, java.lang.String, java.lang.String)[pri:0, instance:TestNGhah.TestStaffInsert@737996a0]" name="testInsert" duration-ms="0" started-at="2020-06-17T15:08:04Z" data-provider="dp" finished-at="2020-06-17T15:08:04Z">
          <params>
            <param index="0">
              <value>
                <![CDATA[4]]>
              </value>
            </param>
            <param index="1">
              <value>
                <![CDATA[DP04]]>
              </value>
            </param>
            <param index="2">
              <value>
                <![CDATA[Longan]]>
              </value>
            </param>
            <param index="3">
              <value>
                <![CDATA[longan@gmail.com]]>
              </value>
            </param>
            <param index="4">
              <value>
                <![CDATA[]]>
              </value>
            </param>
            <param index="5">
              <value>
                <![CDATA[36663]]>
              </value>
            </param>
            <param index="6">
              <value>
                <![CDATA[2000000]]>
              </value>
            </param>
            <param index="7">
              <value>
                <![CDATA[a.jpg]]>
              </value>
            </param>
            <param index="8">
              <value>
                <![CDATA[Xu?t S?c]]>
              </value>
            </param>
          </params>
          <exception class="java.lang.IllegalArgumentException">
            <message>
              <![CDATA[argument type mismatch]]>
            </message>
            <full-stacktrace>
              <![CDATA[java.lang.IllegalArgumentException: argument type mismatch
	at sun.reflect.NativeMethodAccessorImpl.invoke0(Native Method)
	at sun.reflect.NativeMethodAccessorImpl.invoke(NativeMethodAccessorImpl.java:62)
	at sun.reflect.DelegatingMethodAccessorImpl.invoke(DelegatingMethodAccessorImpl.java:43)
	at java.lang.reflect.Method.invoke(Method.java:498)
	at org.testng.internal.MethodInvocationHelper.invokeMethod(MethodInvocationHelper.java:84)
	at org.testng.internal.Invoker.invokeMethod(Invoker.java:714)
	at org.testng.internal.Invoker.invokeTestMethod(Invoker.java:901)
	at org.testng.internal.Invoker.invokeTestMethods(Invoker.java:1231)
	at org.testng.internal.TestMethodWorker.invokeTestMethods(TestMethodWorker.java:127)
	at org.testng.internal.TestMethodWorker.run(TestMethodWorker.java:111)
	at org.testng.TestRunner.privateRun(TestRunner.java:767)
	at org.testng.TestRunner.run(TestRunner.java:617)
	at org.testng.SuiteRunner.runTest(SuiteRunner.java:334)
	at org.testng.SuiteRunner.runSequentially(SuiteRunner.java:329)
	at org.testng.SuiteRunner.privateRun(SuiteRunner.java:291)
	at org.testng.SuiteRunner.run(SuiteRunner.java:240)
	at org.testng.SuiteRunnerWorker.runSuite(SuiteRunnerWorker.java:52)
	at org.testng.SuiteRunnerWorker.run(SuiteRunnerWorker.java:86)
	at org.testng.TestNG.runSuitesSequentially(TestNG.java:1224)
	at org.testng.TestNG.runSuitesLocally(TestNG.java:1149)
	at org.testng.TestNG.run(TestNG.java:1057)
	at org.testng.TestNG.privateMain(TestNG.java:1364)
	at org.testng.TestNG.main(TestNG.java:1333)
]]>
            </full-stacktrace>
          </exception> <!-- java.lang.IllegalArgumentException -->
          <reporter-output>
          </reporter-output>
        </test-method> <!-- testInsert -->
        <test-method status="PASS" signature="afterMethod(org.testng.ITestResult)[pri:0, instance:TestNGhah.TestStaffInsert@737996a0]" name="afterMethod" is-config="true" duration-ms="97" started-at="2020-06-17T15:08:04Z" finished-at="2020-06-17T15:08:04Z">
          <params>
            <param index="0">
              <value>
                <![CDATA[[TestResult name=testInsert status=FAILURE method=TestStaffInsert.testInsert(int, java.lang.String, java.lang.String, java.lang.String, boolean, int, int, java.lang.String, java.lang.String)[pri:0, instance:TestNGhah.TestStaffInsert@737996a0] output={null}]]]>
              </value>
            </param>
          </params>
          <reporter-output>
          </reporter-output>
        </test-method> <!-- afterMethod -->
        <test-method status="PASS" signature="setUp()[pri:0, instance:TestNGhah.TestStaffInsert@737996a0]" name="setUp" is-config="true" duration-ms="0" started-at="2020-06-17T15:08:04Z" finished-at="2020-06-17T15:08:04Z">
          <reporter-output>
          </reporter-output>
        </test-method> <!-- setUp -->
        <test-method status="FAIL" signature="testInsert(int, java.lang.String, java.lang.String, java.lang.String, boolean, int, int, java.lang.String, java.lang.String)[pri:0, instance:TestNGhah.TestStaffInsert@737996a0]" name="testInsert" duration-ms="1" started-at="2020-06-17T15:08:04Z" data-provider="dp" finished-at="2020-06-17T15:08:04Z">
          <params>
            <param index="0">
              <value>
                <![CDATA[5]]>
              </value>
            </param>
            <param index="1">
              <value>
                <![CDATA[DP05]]>
              </value>
            </param>
            <param index="2">
              <value>
                <![CDATA[Longan]]>
              </value>
            </param>
            <param index="3">
              <value>
                <![CDATA[longan@gmail.com]]>
              </value>
            </param>
            <param index="4">
              <value>
                <![CDATA[true]]>
              </value>
            </param>
            <param index="5">
              <value>
                <![CDATA[]]>
              </value>
            </param>
            <param index="6">
              <value>
                <![CDATA[2000000]]>
              </value>
            </param>
            <param index="7">
              <value>
                <![CDATA[a.jpg]]>
              </value>
            </param>
            <param index="8">
              <value>
                <![CDATA[Xu?t S?c]]>
              </value>
            </param>
          </params>
          <exception class="java.lang.IllegalArgumentException">
            <message>
              <![CDATA[argument type mismatch]]>
            </message>
            <full-stacktrace>
              <![CDATA[java.lang.IllegalArgumentException: argument type mismatch
	at sun.reflect.NativeMethodAccessorImpl.invoke0(Native Method)
	at sun.reflect.NativeMethodAccessorImpl.invoke(NativeMethodAccessorImpl.java:62)
	at sun.reflect.DelegatingMethodAccessorImpl.invoke(DelegatingMethodAccessorImpl.java:43)
	at java.lang.reflect.Method.invoke(Method.java:498)
	at org.testng.internal.MethodInvocationHelper.invokeMethod(MethodInvocationHelper.java:84)
	at org.testng.internal.Invoker.invokeMethod(Invoker.java:714)
	at org.testng.internal.Invoker.invokeTestMethod(Invoker.java:901)
	at org.testng.internal.Invoker.invokeTestMethods(Invoker.java:1231)
	at org.testng.internal.TestMethodWorker.invokeTestMethods(TestMethodWorker.java:127)
	at org.testng.internal.TestMethodWorker.run(TestMethodWorker.java:111)
	at org.testng.TestRunner.privateRun(TestRunner.java:767)
	at org.testng.TestRunner.run(TestRunner.java:617)
	at org.testng.SuiteRunner.runTest(SuiteRunner.java:334)
	at org.testng.SuiteRunner.runSequentially(SuiteRunner.java:329)
	at org.testng.SuiteRunner.privateRun(SuiteRunner.java:291)
	at org.testng.SuiteRunner.run(SuiteRunner.java:240)
	at org.testng.SuiteRunnerWorker.runSuite(SuiteRunnerWorker.java:52)
	at org.testng.SuiteRunnerWorker.run(SuiteRunnerWorker.java:86)
	at org.testng.TestNG.runSuitesSequentially(TestNG.java:1224)
	at org.testng.TestNG.runSuitesLocally(TestNG.java:1149)
	at org.testng.TestNG.run(TestNG.java:1057)
	at org.testng.TestNG.privateMain(TestNG.java:1364)
	at org.testng.TestNG.main(TestNG.java:1333)
]]>
            </full-stacktrace>
          </exception> <!-- java.lang.IllegalArgumentException -->
          <reporter-output>
          </reporter-output>
        </test-method> <!-- testInsert -->
        <test-method status="PASS" signature="afterMethod(org.testng.ITestResult)[pri:0, instance:TestNGhah.TestStaffInsert@737996a0]" name="afterMethod" is-config="true" duration-ms="100" started-at="2020-06-17T15:08:04Z" finished-at="2020-06-17T15:08:04Z">
          <params>
            <param index="0">
              <value>
                <![CDATA[[TestResult name=testInsert status=FAILURE method=TestStaffInsert.testInsert(int, java.lang.String, java.lang.String, java.lang.String, boolean, int, int, java.lang.String, java.lang.String)[pri:0, instance:TestNGhah.TestStaffInsert@737996a0] output={null}]]]>
              </value>
            </param>
          </params>
          <reporter-output>
          </reporter-output>
        </test-method> <!-- afterMethod -->
        <test-method status="PASS" signature="setUp()[pri:0, instance:TestNGhah.TestStaffInsert@737996a0]" name="setUp" is-config="true" duration-ms="0" started-at="2020-06-17T15:08:04Z" finished-at="2020-06-17T15:08:04Z">
          <reporter-output>
          </reporter-output>
        </test-method> <!-- setUp -->
        <test-method status="PASS" signature="testInsert(int, java.lang.String, java.lang.String, java.lang.String, boolean, int, int, java.lang.String, java.lang.String)[pri:0, instance:TestNGhah.TestStaffInsert@737996a0]" name="testInsert" duration-ms="9" started-at="2020-06-17T15:08:04Z" data-provider="dp" finished-at="2020-06-17T15:08:04Z">
          <params>
            <param index="0">
              <value>
                <![CDATA[6]]>
              </value>
            </param>
            <param index="1">
              <value>
                <![CDATA[DP06]]>
              </value>
            </param>
            <param index="2">
              <value>
                <![CDATA[Longan]]>
              </value>
            </param>
            <param index="3">
              <value>
                <![CDATA[ ]]>
              </value>
            </param>
            <param index="4">
              <value>
                <![CDATA[true]]>
              </value>
            </param>
            <param index="5">
              <value>
                <![CDATA[36665]]>
              </value>
            </param>
            <param index="6">
              <value>
                <![CDATA[2000000]]>
              </value>
            </param>
            <param index="7">
              <value>
                <![CDATA[a.jpg]]>
              </value>
            </param>
            <param index="8">
              <value>
                <![CDATA[Xu?t S?c]]>
              </value>
            </param>
          </params>
          <reporter-output>
          </reporter-output>
        </test-method> <!-- testInsert -->
        <test-method status="PASS" signature="afterMethod(org.testng.ITestResult)[pri:0, instance:TestNGhah.TestStaffInsert@737996a0]" name="afterMethod" is-config="true" duration-ms="99" started-at="2020-06-17T15:08:04Z" finished-at="2020-06-17T15:08:04Z">
          <params>
            <param index="0">
              <value>
                <![CDATA[[TestResult name=testInsert status=SUCCESS method=TestStaffInsert.testInsert(int, java.lang.String, java.lang.String, java.lang.String, boolean, int, int, java.lang.String, java.lang.String)[pri:0, instance:TestNGhah.TestStaffInsert@737996a0] output={null}]]]>
              </value>
            </param>
          </params>
          <reporter-output>
          </reporter-output>
        </test-method> <!-- afterMethod -->
        <test-method status="PASS" signature="setUp()[pri:0, instance:TestNGhah.TestStaffInsert@737996a0]" name="setUp" is-config="true" duration-ms="0" started-at="2020-06-17T15:08:04Z" finished-at="2020-06-17T15:08:04Z">
          <reporter-output>
          </reporter-output>
        </test-method> <!-- setUp -->
        <test-method status="FAIL" signature="testInsert(int, java.lang.String, java.lang.String, java.lang.String, boolean, int, int, java.lang.String, java.lang.String)[pri:0, instance:TestNGhah.TestStaffInsert@737996a0]" name="testInsert" duration-ms="0" started-at="2020-06-17T15:08:04Z" data-provider="dp" finished-at="2020-06-17T15:08:04Z">
          <params>
            <param index="0">
              <value>
                <![CDATA[7]]>
              </value>
            </param>
            <param index="1">
              <value>
                <![CDATA[DP07]]>
              </value>
            </param>
            <param index="2">
              <value>
                <![CDATA[Longan]]>
              </value>
            </param>
            <param index="3">
              <value>
                <![CDATA[longan@gmail.com]]>
              </value>
            </param>
            <param index="4">
              <value>
                <![CDATA[true]]>
              </value>
            </param>
            <param index="5">
              <value>
                <![CDATA[36666]]>
              </value>
            </param>
            <param index="6">
              <value>
                <![CDATA[]]>
              </value>
            </param>
            <param index="7">
              <value>
                <![CDATA[a.jpg]]>
              </value>
            </param>
            <param index="8">
              <value>
                <![CDATA[Xu?t S?c]]>
              </value>
            </param>
          </params>
          <exception class="java.lang.IllegalArgumentException">
            <message>
              <![CDATA[argument type mismatch]]>
            </message>
            <full-stacktrace>
              <![CDATA[java.lang.IllegalArgumentException: argument type mismatch
	at sun.reflect.NativeMethodAccessorImpl.invoke0(Native Method)
	at sun.reflect.NativeMethodAccessorImpl.invoke(NativeMethodAccessorImpl.java:62)
	at sun.reflect.DelegatingMethodAccessorImpl.invoke(DelegatingMethodAccessorImpl.java:43)
	at java.lang.reflect.Method.invoke(Method.java:498)
	at org.testng.internal.MethodInvocationHelper.invokeMethod(MethodInvocationHelper.java:84)
	at org.testng.internal.Invoker.invokeMethod(Invoker.java:714)
	at org.testng.internal.Invoker.invokeTestMethod(Invoker.java:901)
	at org.testng.internal.Invoker.invokeTestMethods(Invoker.java:1231)
	at org.testng.internal.TestMethodWorker.invokeTestMethods(TestMethodWorker.java:127)
	at org.testng.internal.TestMethodWorker.run(TestMethodWorker.java:111)
	at org.testng.TestRunner.privateRun(TestRunner.java:767)
	at org.testng.TestRunner.run(TestRunner.java:617)
	at org.testng.SuiteRunner.runTest(SuiteRunner.java:334)
	at org.testng.SuiteRunner.runSequentially(SuiteRunner.java:329)
	at org.testng.SuiteRunner.privateRun(SuiteRunner.java:291)
	at org.testng.SuiteRunner.run(SuiteRunner.java:240)
	at org.testng.SuiteRunnerWorker.runSuite(SuiteRunnerWorker.java:52)
	at org.testng.SuiteRunnerWorker.run(SuiteRunnerWorker.java:86)
	at org.testng.TestNG.runSuitesSequentially(TestNG.java:1224)
	at org.testng.TestNG.runSuitesLocally(TestNG.java:1149)
	at org.testng.TestNG.run(TestNG.java:1057)
	at org.testng.TestNG.privateMain(TestNG.java:1364)
	at org.testng.TestNG.main(TestNG.java:1333)
]]>
            </full-stacktrace>
          </exception> <!-- java.lang.IllegalArgumentException -->
          <reporter-output>
          </reporter-output>
        </test-method> <!-- testInsert -->
        <test-method status="PASS" signature="afterMethod(org.testng.ITestResult)[pri:0, instance:TestNGhah.TestStaffInsert@737996a0]" name="afterMethod" is-config="true" duration-ms="129" started-at="2020-06-17T15:08:04Z" finished-at="2020-06-17T15:08:04Z">
          <params>
            <param index="0">
              <value>
                <![CDATA[[TestResult name=testInsert status=FAILURE method=TestStaffInsert.testInsert(int, java.lang.String, java.lang.String, java.lang.String, boolean, int, int, java.lang.String, java.lang.String)[pri:0, instance:TestNGhah.TestStaffInsert@737996a0] output={null}]]]>
              </value>
            </param>
          </params>
          <reporter-output>
          </reporter-output>
        </test-method> <!-- afterMethod -->
        <test-method status="PASS" signature="setUp()[pri:0, instance:TestNGhah.TestStaffInsert@737996a0]" name="setUp" is-config="true" duration-ms="1" started-at="2020-06-17T15:08:04Z" finished-at="2020-06-17T15:08:04Z">
          <reporter-output>
          </reporter-output>
        </test-method> <!-- setUp -->
        <test-method status="PASS" signature="testInsert(int, java.lang.String, java.lang.String, java.lang.String, boolean, int, int, java.lang.String, java.lang.String)[pri:0, instance:TestNGhah.TestStaffInsert@737996a0]" name="testInsert" duration-ms="14" started-at="2020-06-17T15:08:04Z" data-provider="dp" finished-at="2020-06-17T15:08:04Z">
          <params>
            <param index="0">
              <value>
                <![CDATA[8]]>
              </value>
            </param>
            <param index="1">
              <value>
                <![CDATA[DP08]]>
              </value>
            </param>
            <param index="2">
              <value>
                <![CDATA[Longan]]>
              </value>
            </param>
            <param index="3">
              <value>
                <![CDATA[longan@gmail.com]]>
              </value>
            </param>
            <param index="4">
              <value>
                <![CDATA[true]]>
              </value>
            </param>
            <param index="5">
              <value>
                <![CDATA[36667]]>
              </value>
            </param>
            <param index="6">
              <value>
                <![CDATA[2000000]]>
              </value>
            </param>
            <param index="7">
              <value>
                <![CDATA[a.jpg]]>
              </value>
            </param>
            <param index="8">
              <value>
                <![CDATA[Xu?t S?c]]>
              </value>
            </param>
          </params>
          <reporter-output>
          </reporter-output>
        </test-method> <!-- testInsert -->
        <test-method status="PASS" signature="afterMethod(org.testng.ITestResult)[pri:0, instance:TestNGhah.TestStaffInsert@737996a0]" name="afterMethod" is-config="true" duration-ms="130" started-at="2020-06-17T15:08:04Z" finished-at="2020-06-17T15:08:04Z">
          <params>
            <param index="0">
              <value>
                <![CDATA[[TestResult name=testInsert status=SUCCESS method=TestStaffInsert.testInsert(int, java.lang.String, java.lang.String, java.lang.String, boolean, int, int, java.lang.String, java.lang.String)[pri:0, instance:TestNGhah.TestStaffInsert@737996a0] output={null}]]]>
              </value>
            </param>
          </params>
          <reporter-output>
          </reporter-output>
        </test-method> <!-- afterMethod -->
        <test-method status="PASS" signature="setUp()[pri:0, instance:TestNGhah.TestStaffInsert@737996a0]" name="setUp" is-config="true" duration-ms="0" started-at="2020-06-17T15:08:04Z" finished-at="2020-06-17T15:08:04Z">
          <reporter-output>
          </reporter-output>
        </test-method> <!-- setUp -->
        <test-method status="PASS" signature="testInsert(int, java.lang.String, java.lang.String, java.lang.String, boolean, int, int, java.lang.String, java.lang.String)[pri:0, instance:TestNGhah.TestStaffInsert@737996a0]" name="testInsert" duration-ms="9" started-at="2020-06-17T15:08:04Z" data-provider="dp" finished-at="2020-06-17T15:08:04Z">
          <params>
            <param index="0">
              <value>
                <![CDATA[9]]>
              </value>
            </param>
            <param index="1">
              <value>
                <![CDATA[DP09]]>
              </value>
            </param>
            <param index="2">
              <value>
                <![CDATA[Longan]]>
              </value>
            </param>
            <param index="3">
              <value>
                <![CDATA[longan@gmail.com]]>
              </value>
            </param>
            <param index="4">
              <value>
                <![CDATA[true]]>
              </value>
            </param>
            <param index="5">
              <value>
                <![CDATA[36668]]>
              </value>
            </param>
            <param index="6">
              <value>
                <![CDATA[2000000]]>
              </value>
            </param>
            <param index="7">
              <value>
                <![CDATA[a.jpg]]>
              </value>
            </param>
            <param index="8">
              <value>
                <![CDATA[Xu?t S?c]]>
              </value>
            </param>
          </params>
          <reporter-output>
          </reporter-output>
        </test-method> <!-- testInsert -->
        <test-method status="PASS" signature="afterMethod(org.testng.ITestResult)[pri:0, instance:TestNGhah.TestStaffInsert@737996a0]" name="afterMethod" is-config="true" duration-ms="95" started-at="2020-06-17T15:08:04Z" finished-at="2020-06-17T15:08:04Z">
          <params>
            <param index="0">
              <value>
                <![CDATA[[TestResult name=testInsert status=SUCCESS method=TestStaffInsert.testInsert(int, java.lang.String, java.lang.String, java.lang.String, boolean, int, int, java.lang.String, java.lang.String)[pri:0, instance:TestNGhah.TestStaffInsert@737996a0] output={null}]]]>
              </value>
            </param>
          </params>
          <reporter-output>
          </reporter-output>
        </test-method> <!-- afterMethod -->
        <test-method status="PASS" signature="setUp()[pri:0, instance:TestNGhah.TestStaffInsert@737996a0]" name="setUp" is-config="true" duration-ms="0" started-at="2020-06-17T15:08:04Z" finished-at="2020-06-17T15:08:04Z">
          <reporter-output>
          </reporter-output>
        </test-method> <!-- setUp -->
        <test-method status="PASS" signature="testInsert(int, java.lang.String, java.lang.String, java.lang.String, boolean, int, int, java.lang.String, java.lang.String)[pri:0, instance:TestNGhah.TestStaffInsert@737996a0]" name="testInsert" duration-ms="8" started-at="2020-06-17T15:08:04Z" data-provider="dp" finished-at="2020-06-17T15:08:04Z">
          <params>
            <param index="0">
              <value>
                <![CDATA[10]]>
              </value>
            </param>
            <param index="1">
              <value>
                <![CDATA[DP10]]>
              </value>
            </param>
            <param index="2">
              <value>
                <![CDATA[Longan]]>
              </value>
            </param>
            <param index="3">
              <value>
                <![CDATA[longan@gmail.com]]>
              </value>
            </param>
            <param index="4">
              <value>
                <![CDATA[true]]>
              </value>
            </param>
            <param index="5">
              <value>
                <![CDATA[36669]]>
              </value>
            </param>
            <param index="6">
              <value>
                <![CDATA[2000000]]>
              </value>
            </param>
            <param index="7">
              <value>
                <![CDATA[a.jpg]]>
              </value>
            </param>
            <param index="8">
              <value>
                <![CDATA[Xu?t S?c]]>
              </value>
            </param>
          </params>
          <reporter-output>
          </reporter-output>
        </test-method> <!-- testInsert -->
        <test-method status="PASS" signature="afterMethod(org.testng.ITestResult)[pri:0, instance:TestNGhah.TestStaffInsert@737996a0]" name="afterMethod" is-config="true" duration-ms="112" started-at="2020-06-17T15:08:04Z" finished-at="2020-06-17T15:08:04Z">
          <params>
            <param index="0">
              <value>
                <![CDATA[[TestResult name=testInsert status=SUCCESS method=TestStaffInsert.testInsert(int, java.lang.String, java.lang.String, java.lang.String, boolean, int, int, java.lang.String, java.lang.String)[pri:0, instance:TestNGhah.TestStaffInsert@737996a0] output={null}]]]>
              </value>
            </param>
          </params>
          <reporter-output>
          </reporter-output>
        </test-method> <!-- afterMethod -->
        <test-method status="PASS" signature="setUp()[pri:0, instance:TestNGhah.TestStaffInsert@737996a0]" name="setUp" is-config="true" duration-ms="1" started-at="2020-06-17T15:08:04Z" finished-at="2020-06-17T15:08:04Z">
          <reporter-output>
          </reporter-output>
        </test-method> <!-- setUp -->
        <test-method status="PASS" signature="testInsert(int, java.lang.String, java.lang.String, java.lang.String, boolean, int, int, java.lang.String, java.lang.String)[pri:0, instance:TestNGhah.TestStaffInsert@737996a0]" name="testInsert" duration-ms="11" started-at="2020-06-17T15:08:04Z" data-provider="dp" finished-at="2020-06-17T15:08:04Z">
          <params>
            <param index="0">
              <value>
                <![CDATA[11]]>
              </value>
            </param>
            <param index="1">
              <value>
                <![CDATA[DP11]]>
              </value>
            </param>
            <param index="2">
              <value>
                <![CDATA[Longan]]>
              </value>
            </param>
            <param index="3">
              <value>
                <![CDATA[longan@gmail.com]]>
              </value>
            </param>
            <param index="4">
              <value>
                <![CDATA[true]]>
              </value>
            </param>
            <param index="5">
              <value>
                <![CDATA[36670]]>
              </value>
            </param>
            <param index="6">
              <value>
                <![CDATA[2000000]]>
              </value>
            </param>
            <param index="7">
              <value>
                <![CDATA[a.jpg]]>
              </value>
            </param>
            <param index="8">
              <value>
                <![CDATA[Xu?t S?c]]>
              </value>
            </param>
          </params>
          <reporter-output>
          </reporter-output>
        </test-method> <!-- testInsert -->
        <test-method status="PASS" signature="afterMethod(org.testng.ITestResult)[pri:0, instance:TestNGhah.TestStaffInsert@737996a0]" name="afterMethod" is-config="true" duration-ms="116" started-at="2020-06-17T15:08:04Z" finished-at="2020-06-17T15:08:04Z">
          <params>
            <param index="0">
              <value>
                <![CDATA[[TestResult name=testInsert status=SUCCESS method=TestStaffInsert.testInsert(int, java.lang.String, java.lang.String, java.lang.String, boolean, int, int, java.lang.String, java.lang.String)[pri:0, instance:TestNGhah.TestStaffInsert@737996a0] output={null}]]]>
              </value>
            </param>
          </params>
          <reporter-output>
          </reporter-output>
        </test-method> <!-- afterMethod -->
      </class> <!-- TestNGhah.TestStaffInsert -->
      <class name="TestNGhah.TestUserDelete">
        <test-method status="FAIL" signature="testInsert(java.lang.String, java.lang.String, java.lang.String, java.lang.String)[pri:0, instance:TestNGhah.TestUserDelete@13c78c0b]" name="testInsert" duration-ms="7" started-at="2020-06-17T15:08:05Z" data-provider="dp" finished-at="2020-06-17T15:08:05Z">
          <params>
            <param index="0">
              <value>
                <![CDATA[longan1]]>
              </value>
            </param>
            <param index="1">
              <value>
                <![CDATA[P123456]]>
              </value>
            </param>
            <param index="2">
              <value>
                <![CDATA[Phamlongan]]>
              </value>
            </param>
            <param index="3">
              <value>
                <![CDATA[im.jpg]]>
              </value>
            </param>
          </params>
          <exception class="java.lang.AssertionError">
            <message>
              <![CDATA[User Test expected [true] but found [false]]]>
            </message>
            <full-stacktrace>
              <![CDATA[java.lang.AssertionError: User Test expected [true] but found [false]
	at org.testng.Assert.fail(Assert.java:94)
	at org.testng.Assert.failNotEquals(Assert.java:494)
	at org.testng.Assert.assertTrue(Assert.java:42)
	at TestNGhah.TestUserDelete.testInsert(TestUserDelete.java:37)
	at sun.reflect.NativeMethodAccessorImpl.invoke0(Native Method)
	at sun.reflect.NativeMethodAccessorImpl.invoke(NativeMethodAccessorImpl.java:62)
	at sun.reflect.DelegatingMethodAccessorImpl.invoke(DelegatingMethodAccessorImpl.java:43)
	at java.lang.reflect.Method.invoke(Method.java:498)
	at org.testng.internal.MethodInvocationHelper.invokeMethod(MethodInvocationHelper.java:84)
	at org.testng.internal.Invoker.invokeMethod(Invoker.java:714)
	at org.testng.internal.Invoker.invokeTestMethod(Invoker.java:901)
	at org.testng.internal.Invoker.invokeTestMethods(Invoker.java:1231)
	at org.testng.internal.TestMethodWorker.invokeTestMethods(TestMethodWorker.java:127)
	at org.testng.internal.TestMethodWorker.run(TestMethodWorker.java:111)
	at org.testng.TestRunner.privateRun(TestRunner.java:767)
	at org.testng.TestRunner.run(TestRunner.java:617)
	at org.testng.SuiteRunner.runTest(SuiteRunner.java:334)
	at org.testng.SuiteRunner.runSequentially(SuiteRunner.java:329)
	at org.testng.SuiteRunner.privateRun(SuiteRunner.java:291)
	at org.testng.SuiteRunner.run(SuiteRunner.java:240)
	at org.testng.SuiteRunnerWorker.runSuite(SuiteRunnerWorker.java:52)
	at org.testng.SuiteRunnerWorker.run(SuiteRunnerWorker.java:86)
	at org.testng.TestNG.runSuitesSequentially(TestNG.java:1224)
	at org.testng.TestNG.runSuitesLocally(TestNG.java:1149)
	at org.testng.TestNG.run(TestNG.java:1057)
	at org.testng.TestNG.privateMain(TestNG.java:1364)
	at org.testng.TestNG.main(TestNG.java:1333)
]]>
            </full-stacktrace>
          </exception> <!-- java.lang.AssertionError -->
          <reporter-output>
          </reporter-output>
        </test-method> <!-- testInsert -->
        <test-method status="PASS" signature="setUp()[pri:0, instance:TestNGhah.TestUserDelete@13c78c0b]" name="setUp" is-config="true" duration-ms="0" started-at="2020-06-17T15:08:05Z" finished-at="2020-06-17T15:08:05Z">
          <reporter-output>
          </reporter-output>
        </test-method> <!-- setUp -->
        <test-method status="PASS" signature="afterMethod(org.testng.ITestResult)[pri:0, instance:TestNGhah.TestUserDelete@13c78c0b]" name="afterMethod" is-config="true" duration-ms="87" started-at="2020-06-17T15:08:05Z" finished-at="2020-06-17T15:08:06Z">
          <params>
            <param index="0">
              <value>
                <![CDATA[[TestResult name=testInsert status=FAILURE method=TestUserDelete.testInsert(java.lang.String, java.lang.String, java.lang.String, java.lang.String)[pri:0, instance:TestNGhah.TestUserDelete@13c78c0b] output={null}]]]>
              </value>
            </param>
          </params>
          <reporter-output>
          </reporter-output>
        </test-method> <!-- afterMethod -->
        <test-method status="PASS" signature="setUp()[pri:0, instance:TestNGhah.TestUserDelete@13c78c0b]" name="setUp" is-config="true" duration-ms="0" started-at="2020-06-17T15:08:06Z" finished-at="2020-06-17T15:08:06Z">
          <reporter-output>
          </reporter-output>
        </test-method> <!-- setUp -->
        <test-method status="FAIL" signature="testInsert(java.lang.String, java.lang.String, java.lang.String, java.lang.String)[pri:0, instance:TestNGhah.TestUserDelete@13c78c0b]" name="testInsert" duration-ms="7" started-at="2020-06-17T15:08:06Z" data-provider="dp" finished-at="2020-06-17T15:08:06Z">
          <params>
            <param index="0">
              <value>
                <![CDATA[longan4]]>
              </value>
            </param>
            <param index="1">
              <value>
                <![CDATA[P123456]]>
              </value>
            </param>
            <param index="2">
              <value>
                <![CDATA[Phamlongan]]>
              </value>
            </param>
            <param index="3">
              <value>
                <![CDATA[im.jpg]]>
              </value>
            </param>
          </params>
          <exception class="java.lang.AssertionError">
            <message>
              <![CDATA[User Test expected [true] but found [false]]]>
            </message>
            <full-stacktrace>
              <![CDATA[java.lang.AssertionError: User Test expected [true] but found [false]
	at org.testng.Assert.fail(Assert.java:94)
	at org.testng.Assert.failNotEquals(Assert.java:494)
	at org.testng.Assert.assertTrue(Assert.java:42)
	at TestNGhah.TestUserDelete.testInsert(TestUserDelete.java:37)
	at sun.reflect.NativeMethodAccessorImpl.invoke0(Native Method)
	at sun.reflect.NativeMethodAccessorImpl.invoke(NativeMethodAccessorImpl.java:62)
	at sun.reflect.DelegatingMethodAccessorImpl.invoke(DelegatingMethodAccessorImpl.java:43)
	at java.lang.reflect.Method.invoke(Method.java:498)
	at org.testng.internal.MethodInvocationHelper.invokeMethod(MethodInvocationHelper.java:84)
	at org.testng.internal.Invoker.invokeMethod(Invoker.java:714)
	at org.testng.internal.Invoker.invokeTestMethod(Invoker.java:901)
	at org.testng.internal.Invoker.invokeTestMethods(Invoker.java:1231)
	at org.testng.internal.TestMethodWorker.invokeTestMethods(TestMethodWorker.java:127)
	at org.testng.internal.TestMethodWorker.run(TestMethodWorker.java:111)
	at org.testng.TestRunner.privateRun(TestRunner.java:767)
	at org.testng.TestRunner.run(TestRunner.java:617)
	at org.testng.SuiteRunner.runTest(SuiteRunner.java:334)
	at org.testng.SuiteRunner.runSequentially(SuiteRunner.java:329)
	at org.testng.SuiteRunner.privateRun(SuiteRunner.java:291)
	at org.testng.SuiteRunner.run(SuiteRunner.java:240)
	at org.testng.SuiteRunnerWorker.runSuite(SuiteRunnerWorker.java:52)
	at org.testng.SuiteRunnerWorker.run(SuiteRunnerWorker.java:86)
	at org.testng.TestNG.runSuitesSequentially(TestNG.java:1224)
	at org.testng.TestNG.runSuitesLocally(TestNG.java:1149)
	at org.testng.TestNG.run(TestNG.java:1057)
	at org.testng.TestNG.privateMain(TestNG.java:1364)
	at org.testng.TestNG.main(TestNG.java:1333)
]]>
            </full-stacktrace>
          </exception> <!-- java.lang.AssertionError -->
          <reporter-output>
          </reporter-output>
        </test-method> <!-- testInsert -->
        <test-method status="PASS" signature="afterMethod(org.testng.ITestResult)[pri:0, instance:TestNGhah.TestUserDelete@13c78c0b]" name="afterMethod" is-config="true" duration-ms="113" started-at="2020-06-17T15:08:06Z" finished-at="2020-06-17T15:08:06Z">
          <params>
            <param index="0">
              <value>
                <![CDATA[[TestResult name=testInsert status=FAILURE method=TestUserDelete.testInsert(java.lang.String, java.lang.String, java.lang.String, java.lang.String)[pri:0, instance:TestNGhah.TestUserDelete@13c78c0b] output={null}]]]>
              </value>
            </param>
          </params>
          <reporter-output>
          </reporter-output>
        </test-method> <!-- afterMethod -->
      </class> <!-- TestNGhah.TestUserDelete -->
      <class name="TestNGhah.TestStaffUpdate">
        <test-method status="PASS" signature="setUp()[pri:0, instance:TestNGhah.TestStaffUpdate@52af6cff]" name="setUp" is-config="true" duration-ms="1" started-at="2020-06-17T15:08:05Z" finished-at="2020-06-17T15:08:05Z">
          <reporter-output>
          </reporter-output>
        </test-method> <!-- setUp -->
        <test-method status="PASS" signature="testInsert(int, java.lang.String, java.lang.String, java.lang.String, boolean, int, int, java.lang.String, java.lang.String)[pri:0, instance:TestNGhah.TestStaffUpdate@52af6cff]" name="testInsert" duration-ms="8" started-at="2020-06-17T15:08:05Z" data-provider="dp" finished-at="2020-06-17T15:08:05Z">
          <params>
            <param index="0">
              <value>
                <![CDATA[1]]>
              </value>
            </param>
            <param index="1">
              <value>
                <![CDATA[DP01]]>
              </value>
            </param>
            <param index="2">
              <value>
                <![CDATA[Longan]]>
              </value>
            </param>
            <param index="3">
              <value>
                <![CDATA[longan@gmail.com]]>
              </value>
            </param>
            <param index="4">
              <value>
                <![CDATA[true]]>
              </value>
            </param>
            <param index="5">
              <value>
                <![CDATA[36660]]>
              </value>
            </param>
            <param index="6">
              <value>
                <![CDATA[2000]]>
              </value>
            </param>
            <param index="7">
              <value>
                <![CDATA[a.jpg]]>
              </value>
            </param>
            <param index="8">
              <value>
                <![CDATA[Km]]>
              </value>
            </param>
          </params>
          <reporter-output>
          </reporter-output>
        </test-method> <!-- testInsert -->
        <test-method status="PASS" signature="afterMethod(org.testng.ITestResult)[pri:0, instance:TestNGhah.TestStaffUpdate@52af6cff]" name="afterMethod" is-config="true" duration-ms="95" started-at="2020-06-17T15:08:05Z" finished-at="2020-06-17T15:08:05Z">
          <params>
            <param index="0">
              <value>
                <![CDATA[[TestResult name=testInsert status=SUCCESS method=TestStaffUpdate.testInsert(int, java.lang.String, java.lang.String, java.lang.String, boolean, int, int, java.lang.String, java.lang.String)[pri:0, instance:TestNGhah.TestStaffUpdate@52af6cff] output={null}]]]>
              </value>
            </param>
          </params>
          <reporter-output>
          </reporter-output>
        </test-method> <!-- afterMethod -->
        <test-method status="PASS" signature="setUp()[pri:0, instance:TestNGhah.TestStaffUpdate@52af6cff]" name="setUp" is-config="true" duration-ms="0" started-at="2020-06-17T15:08:05Z" finished-at="2020-06-17T15:08:05Z">
          <reporter-output>
          </reporter-output>
        </test-method> <!-- setUp -->
        <test-method status="FAIL" signature="testInsert(int, java.lang.String, java.lang.String, java.lang.String, boolean, int, int, java.lang.String, java.lang.String)[pri:0, instance:TestNGhah.TestStaffUpdate@52af6cff]" name="testInsert" duration-ms="1" started-at="2020-06-17T15:08:05Z" data-provider="dp" finished-at="2020-06-17T15:08:05Z">
          <params>
            <param index="0">
              <value>
                <![CDATA[1]]>
              </value>
            </param>
            <param index="1">
              <value>
                <![CDATA[ ]]>
              </value>
            </param>
            <param index="2">
              <value>
                <![CDATA[  ]]>
              </value>
            </param>
            <param index="3">
              <value>
                <![CDATA[ ]]>
              </value>
            </param>
            <param index="4">
              <value>
                <![CDATA[ ]]>
              </value>
            </param>
            <param index="5">
              <value>
                <![CDATA[ ]]>
              </value>
            </param>
            <param index="6">
              <value>
                <![CDATA[ ]]>
              </value>
            </param>
            <param index="7">
              <value>
                <![CDATA[ ]]>
              </value>
            </param>
            <param index="8">
              <value>
                <![CDATA[ ]]>
              </value>
            </param>
          </params>
          <exception class="java.lang.IllegalArgumentException">
            <message>
              <![CDATA[argument type mismatch]]>
            </message>
            <full-stacktrace>
              <![CDATA[java.lang.IllegalArgumentException: argument type mismatch
	at sun.reflect.NativeMethodAccessorImpl.invoke0(Native Method)
	at sun.reflect.NativeMethodAccessorImpl.invoke(NativeMethodAccessorImpl.java:62)
	at sun.reflect.DelegatingMethodAccessorImpl.invoke(DelegatingMethodAccessorImpl.java:43)
	at java.lang.reflect.Method.invoke(Method.java:498)
	at org.testng.internal.MethodInvocationHelper.invokeMethod(MethodInvocationHelper.java:84)
	at org.testng.internal.Invoker.invokeMethod(Invoker.java:714)
	at org.testng.internal.Invoker.invokeTestMethod(Invoker.java:901)
	at org.testng.internal.Invoker.invokeTestMethods(Invoker.java:1231)
	at org.testng.internal.TestMethodWorker.invokeTestMethods(TestMethodWorker.java:127)
	at org.testng.internal.TestMethodWorker.run(TestMethodWorker.java:111)
	at org.testng.TestRunner.privateRun(TestRunner.java:767)
	at org.testng.TestRunner.run(TestRunner.java:617)
	at org.testng.SuiteRunner.runTest(SuiteRunner.java:334)
	at org.testng.SuiteRunner.runSequentially(SuiteRunner.java:329)
	at org.testng.SuiteRunner.privateRun(SuiteRunner.java:291)
	at org.testng.SuiteRunner.run(SuiteRunner.java:240)
	at org.testng.SuiteRunnerWorker.runSuite(SuiteRunnerWorker.java:52)
	at org.testng.SuiteRunnerWorker.run(SuiteRunnerWorker.java:86)
	at org.testng.TestNG.runSuitesSequentially(TestNG.java:1224)
	at org.testng.TestNG.runSuitesLocally(TestNG.java:1149)
	at org.testng.TestNG.run(TestNG.java:1057)
	at org.testng.TestNG.privateMain(TestNG.java:1364)
	at org.testng.TestNG.main(TestNG.java:1333)
]]>
            </full-stacktrace>
          </exception> <!-- java.lang.IllegalArgumentException -->
          <reporter-output>
          </reporter-output>
        </test-method> <!-- testInsert -->
        <test-method status="PASS" signature="afterMethod(org.testng.ITestResult)[pri:0, instance:TestNGhah.TestStaffUpdate@52af6cff]" name="afterMethod" is-config="true" duration-ms="91" started-at="2020-06-17T15:08:05Z" finished-at="2020-06-17T15:08:05Z">
          <params>
            <param index="0">
              <value>
                <![CDATA[[TestResult name=testInsert status=FAILURE method=TestStaffUpdate.testInsert(int, java.lang.String, java.lang.String, java.lang.String, boolean, int, int, java.lang.String, java.lang.String)[pri:0, instance:TestNGhah.TestStaffUpdate@52af6cff] output={null}]]]>
              </value>
            </param>
          </params>
          <reporter-output>
          </reporter-output>
        </test-method> <!-- afterMethod -->
        <test-method status="PASS" signature="setUp()[pri:0, instance:TestNGhah.TestStaffUpdate@52af6cff]" name="setUp" is-config="true" duration-ms="1" started-at="2020-06-17T15:08:05Z" finished-at="2020-06-17T15:08:05Z">
          <reporter-output>
          </reporter-output>
        </test-method> <!-- setUp -->
        <test-method status="PASS" signature="testInsert(int, java.lang.String, java.lang.String, java.lang.String, boolean, int, int, java.lang.String, java.lang.String)[pri:0, instance:TestNGhah.TestStaffUpdate@52af6cff]" name="testInsert" duration-ms="5" started-at="2020-06-17T15:08:05Z" data-provider="dp" finished-at="2020-06-17T15:08:05Z">
          <params>
            <param index="0">
              <value>
                <![CDATA[1]]>
              </value>
            </param>
            <param index="1">
              <value>
                <![CDATA[DP03]]>
              </value>
            </param>
            <param index="2">
              <value>
                <![CDATA[Longan]]>
              </value>
            </param>
            <param index="3">
              <value>
                <![CDATA[longan@_123@gmail.com]]>
              </value>
            </param>
            <param index="4">
              <value>
                <![CDATA[true]]>
              </value>
            </param>
            <param index="5">
              <value>
                <![CDATA[36662]]>
              </value>
            </param>
            <param index="6">
              <value>
                <![CDATA[2000000]]>
              </value>
            </param>
            <param index="7">
              <value>
                <![CDATA[a.jpg]]>
              </value>
            </param>
            <param index="8">
              <value>
                <![CDATA[Xu?t S?c]]>
              </value>
            </param>
          </params>
          <reporter-output>
          </reporter-output>
        </test-method> <!-- testInsert -->
        <test-method status="PASS" signature="afterMethod(org.testng.ITestResult)[pri:0, instance:TestNGhah.TestStaffUpdate@52af6cff]" name="afterMethod" is-config="true" duration-ms="89" started-at="2020-06-17T15:08:05Z" finished-at="2020-06-17T15:08:05Z">
          <params>
            <param index="0">
              <value>
                <![CDATA[[TestResult name=testInsert status=SUCCESS method=TestStaffUpdate.testInsert(int, java.lang.String, java.lang.String, java.lang.String, boolean, int, int, java.lang.String, java.lang.String)[pri:0, instance:TestNGhah.TestStaffUpdate@52af6cff] output={null}]]]>
              </value>
            </param>
          </params>
          <reporter-output>
          </reporter-output>
        </test-method> <!-- afterMethod -->
        <test-method status="PASS" signature="setUp()[pri:0, instance:TestNGhah.TestStaffUpdate@52af6cff]" name="setUp" is-config="true" duration-ms="0" started-at="2020-06-17T15:08:05Z" finished-at="2020-06-17T15:08:05Z">
          <reporter-output>
          </reporter-output>
        </test-method> <!-- setUp -->
        <test-method status="PASS" signature="afterMethod(org.testng.ITestResult)[pri:0, instance:TestNGhah.TestStaffUpdate@52af6cff]" name="afterMethod" is-config="true" duration-ms="85" started-at="2020-06-17T15:08:05Z" finished-at="2020-06-17T15:08:05Z">
          <params>
            <param index="0">
              <value>
                <![CDATA[[TestResult name=testInsert status=FAILURE method=TestStaffUpdate.testInsert(int, java.lang.String, java.lang.String, java.lang.String, boolean, int, int, java.lang.String, java.lang.String)[pri:0, instance:TestNGhah.TestStaffUpdate@52af6cff] output={null}]]]>
              </value>
            </param>
          </params>
          <reporter-output>
          </reporter-output>
        </test-method> <!-- afterMethod -->
        <test-method status="FAIL" signature="testInsert(int, java.lang.String, java.lang.String, java.lang.String, boolean, int, int, java.lang.String, java.lang.String)[pri:0, instance:TestNGhah.TestStaffUpdate@52af6cff]" name="testInsert" duration-ms="0" started-at="2020-06-17T15:08:05Z" data-provider="dp" finished-at="2020-06-17T15:08:05Z">
          <params>
            <param index="0">
              <value>
                <![CDATA[1]]>
              </value>
            </param>
            <param index="1">
              <value>
                <![CDATA[DP04]]>
              </value>
            </param>
            <param index="2">
              <value>
                <![CDATA[Longan]]>
              </value>
            </param>
            <param index="3">
              <value>
                <![CDATA[longan@gmail.com]]>
              </value>
            </param>
            <param index="4">
              <value>
                <![CDATA[true]]>
              </value>
            </param>
            <param index="5">
              <value>
                <![CDATA[17/thang/2000]]>
              </value>
            </param>
            <param index="6">
              <value>
                <![CDATA[2000000]]>
              </value>
            </param>
            <param index="7">
              <value>
                <![CDATA[a.jpg]]>
              </value>
            </param>
            <param index="8">
              <value>
                <![CDATA[Xu?t S?c]]>
              </value>
            </param>
          </params>
          <exception class="java.lang.IllegalArgumentException">
            <message>
              <![CDATA[argument type mismatch]]>
            </message>
            <full-stacktrace>
              <![CDATA[java.lang.IllegalArgumentException: argument type mismatch
	at sun.reflect.NativeMethodAccessorImpl.invoke0(Native Method)
	at sun.reflect.NativeMethodAccessorImpl.invoke(NativeMethodAccessorImpl.java:62)
	at sun.reflect.DelegatingMethodAccessorImpl.invoke(DelegatingMethodAccessorImpl.java:43)
	at java.lang.reflect.Method.invoke(Method.java:498)
	at org.testng.internal.MethodInvocationHelper.invokeMethod(MethodInvocationHelper.java:84)
	at org.testng.internal.Invoker.invokeMethod(Invoker.java:714)
	at org.testng.internal.Invoker.invokeTestMethod(Invoker.java:901)
	at org.testng.internal.Invoker.invokeTestMethods(Invoker.java:1231)
	at org.testng.internal.TestMethodWorker.invokeTestMethods(TestMethodWorker.java:127)
	at org.testng.internal.TestMethodWorker.run(TestMethodWorker.java:111)
	at org.testng.TestRunner.privateRun(TestRunner.java:767)
	at org.testng.TestRunner.run(TestRunner.java:617)
	at org.testng.SuiteRunner.runTest(SuiteRunner.java:334)
	at org.testng.SuiteRunner.runSequentially(SuiteRunner.java:329)
	at org.testng.SuiteRunner.privateRun(SuiteRunner.java:291)
	at org.testng.SuiteRunner.run(SuiteRunner.java:240)
	at org.testng.SuiteRunnerWorker.runSuite(SuiteRunnerWorker.java:52)
	at org.testng.SuiteRunnerWorker.run(SuiteRunnerWorker.java:86)
	at org.testng.TestNG.runSuitesSequentially(TestNG.java:1224)
	at org.testng.TestNG.runSuitesLocally(TestNG.java:1149)
	at org.testng.TestNG.run(TestNG.java:1057)
	at org.testng.TestNG.privateMain(TestNG.java:1364)
	at org.testng.TestNG.main(TestNG.java:1333)
]]>
            </full-stacktrace>
          </exception> <!-- java.lang.IllegalArgumentException -->
          <reporter-output>
          </reporter-output>
        </test-method> <!-- testInsert -->
        <test-method status="PASS" signature="setUp()[pri:0, instance:TestNGhah.TestStaffUpdate@52af6cff]" name="setUp" is-config="true" duration-ms="1" started-at="2020-06-17T15:08:05Z" finished-at="2020-06-17T15:08:05Z">
          <reporter-output>
          </reporter-output>
        </test-method> <!-- setUp -->
        <test-method status="PASS" signature="afterMethod(org.testng.ITestResult)[pri:0, instance:TestNGhah.TestStaffUpdate@52af6cff]" name="afterMethod" is-config="true" duration-ms="84" started-at="2020-06-17T15:08:05Z" finished-at="2020-06-17T15:08:05Z">
          <params>
            <param index="0">
              <value>
                <![CDATA[[TestResult name=testInsert status=FAILURE method=TestStaffUpdate.testInsert(int, java.lang.String, java.lang.String, java.lang.String, boolean, int, int, java.lang.String, java.lang.String)[pri:0, instance:TestNGhah.TestStaffUpdate@52af6cff] output={null}]]]>
              </value>
            </param>
          </params>
          <reporter-output>
          </reporter-output>
        </test-method> <!-- afterMethod -->
        <test-method status="FAIL" signature="testInsert(int, java.lang.String, java.lang.String, java.lang.String, boolean, int, int, java.lang.String, java.lang.String)[pri:0, instance:TestNGhah.TestStaffUpdate@52af6cff]" name="testInsert" duration-ms="0" started-at="2020-06-17T15:08:05Z" data-provider="dp" finished-at="2020-06-17T15:08:05Z">
          <params>
            <param index="0">
              <value>
                <![CDATA[1]]>
              </value>
            </param>
            <param index="1">
              <value>
                <![CDATA[DP05]]>
              </value>
            </param>
            <param index="2">
              <value>
                <![CDATA[Longan]]>
              </value>
            </param>
            <param index="3">
              <value>
                <![CDATA[longan@gmail.com]]>
              </value>
            </param>
            <param index="4">
              <value>
                <![CDATA[true]]>
              </value>
            </param>
            <param index="5">
              <value>
                <![CDATA[36664]]>
              </value>
            </param>
            <param index="6">
              <value>
                <![CDATA[200 ngn]]>
              </value>
            </param>
            <param index="7">
              <value>
                <![CDATA[a.jpg]]>
              </value>
            </param>
            <param index="8">
              <value>
                <![CDATA[Xu?t S?c]]>
              </value>
            </param>
          </params>
          <exception class="java.lang.IllegalArgumentException">
            <message>
              <![CDATA[argument type mismatch]]>
            </message>
            <full-stacktrace>
              <![CDATA[java.lang.IllegalArgumentException: argument type mismatch
	at sun.reflect.NativeMethodAccessorImpl.invoke0(Native Method)
	at sun.reflect.NativeMethodAccessorImpl.invoke(NativeMethodAccessorImpl.java:62)
	at sun.reflect.DelegatingMethodAccessorImpl.invoke(DelegatingMethodAccessorImpl.java:43)
	at java.lang.reflect.Method.invoke(Method.java:498)
	at org.testng.internal.MethodInvocationHelper.invokeMethod(MethodInvocationHelper.java:84)
	at org.testng.internal.Invoker.invokeMethod(Invoker.java:714)
	at org.testng.internal.Invoker.invokeTestMethod(Invoker.java:901)
	at org.testng.internal.Invoker.invokeTestMethods(Invoker.java:1231)
	at org.testng.internal.TestMethodWorker.invokeTestMethods(TestMethodWorker.java:127)
	at org.testng.internal.TestMethodWorker.run(TestMethodWorker.java:111)
	at org.testng.TestRunner.privateRun(TestRunner.java:767)
	at org.testng.TestRunner.run(TestRunner.java:617)
	at org.testng.SuiteRunner.runTest(SuiteRunner.java:334)
	at org.testng.SuiteRunner.runSequentially(SuiteRunner.java:329)
	at org.testng.SuiteRunner.privateRun(SuiteRunner.java:291)
	at org.testng.SuiteRunner.run(SuiteRunner.java:240)
	at org.testng.SuiteRunnerWorker.runSuite(SuiteRunnerWorker.java:52)
	at org.testng.SuiteRunnerWorker.run(SuiteRunnerWorker.java:86)
	at org.testng.TestNG.runSuitesSequentially(TestNG.java:1224)
	at org.testng.TestNG.runSuitesLocally(TestNG.java:1149)
	at org.testng.TestNG.run(TestNG.java:1057)
	at org.testng.TestNG.privateMain(TestNG.java:1364)
	at org.testng.TestNG.main(TestNG.java:1333)
]]>
            </full-stacktrace>
          </exception> <!-- java.lang.IllegalArgumentException -->
          <reporter-output>
          </reporter-output>
        </test-method> <!-- testInsert -->
        <test-method status="PASS" signature="setUp()[pri:0, instance:TestNGhah.TestStaffUpdate@52af6cff]" name="setUp" is-config="true" duration-ms="0" started-at="2020-06-17T15:08:05Z" finished-at="2020-06-17T15:08:05Z">
          <reporter-output>
          </reporter-output>
        </test-method> <!-- setUp -->
        <test-method status="PASS" signature="testInsert(int, java.lang.String, java.lang.String, java.lang.String, boolean, int, int, java.lang.String, java.lang.String)[pri:0, instance:TestNGhah.TestStaffUpdate@52af6cff]" name="testInsert" duration-ms="7" started-at="2020-06-17T15:08:05Z" data-provider="dp" finished-at="2020-06-17T15:08:05Z">
          <params>
            <param index="0">
              <value>
                <![CDATA[1]]>
              </value>
            </param>
            <param index="1">
              <value>
                <![CDATA[DP07]]>
              </value>
            </param>
            <param index="2">
              <value>
                <![CDATA[]]>
              </value>
            </param>
            <param index="3">
              <value>
                <![CDATA[longan@gmail.com]]>
              </value>
            </param>
            <param index="4">
              <value>
                <![CDATA[true]]>
              </value>
            </param>
            <param index="5">
              <value>
                <![CDATA[36666]]>
              </value>
            </param>
            <param index="6">
              <value>
                <![CDATA[2000000]]>
              </value>
            </param>
            <param index="7">
              <value>
                <![CDATA[a.jpg]]>
              </value>
            </param>
            <param index="8">
              <value>
                <![CDATA[Xu?t S?c]]>
              </value>
            </param>
          </params>
          <reporter-output>
          </reporter-output>
        </test-method> <!-- testInsert -->
        <test-method status="PASS" signature="afterMethod(org.testng.ITestResult)[pri:0, instance:TestNGhah.TestStaffUpdate@52af6cff]" name="afterMethod" is-config="true" duration-ms="85" started-at="2020-06-17T15:08:05Z" finished-at="2020-06-17T15:08:05Z">
          <params>
            <param index="0">
              <value>
                <![CDATA[[TestResult name=testInsert status=SUCCESS method=TestStaffUpdate.testInsert(int, java.lang.String, java.lang.String, java.lang.String, boolean, int, int, java.lang.String, java.lang.String)[pri:0, instance:TestNGhah.TestStaffUpdate@52af6cff] output={null}]]]>
              </value>
            </param>
          </params>
          <reporter-output>
          </reporter-output>
        </test-method> <!-- afterMethod -->
        <test-method status="PASS" signature="afterMethod(org.testng.ITestResult)[pri:0, instance:TestNGhah.TestStaffUpdate@52af6cff]" name="afterMethod" is-config="true" duration-ms="85" started-at="2020-06-17T15:08:05Z" finished-at="2020-06-17T15:08:05Z">
          <params>
            <param index="0">
              <value>
                <![CDATA[[TestResult name=testInsert status=FAILURE method=TestStaffUpdate.testInsert(int, java.lang.String, java.lang.String, java.lang.String, boolean, int, int, java.lang.String, java.lang.String)[pri:0, instance:TestNGhah.TestStaffUpdate@52af6cff] output={null}]]]>
              </value>
            </param>
          </params>
          <reporter-output>
          </reporter-output>
        </test-method> <!-- afterMethod -->
        <test-method status="PASS" signature="setUp()[pri:0, instance:TestNGhah.TestStaffUpdate@52af6cff]" name="setUp" is-config="true" duration-ms="0" started-at="2020-06-17T15:08:05Z" finished-at="2020-06-17T15:08:05Z">
          <reporter-output>
          </reporter-output>
        </test-method> <!-- setUp -->
        <test-method status="FAIL" signature="testInsert(int, java.lang.String, java.lang.String, java.lang.String, boolean, int, int, java.lang.String, java.lang.String)[pri:0, instance:TestNGhah.TestStaffUpdate@52af6cff]" name="testInsert" duration-ms="0" started-at="2020-06-17T15:08:05Z" data-provider="dp" finished-at="2020-06-17T15:08:05Z">
          <params>
            <param index="0">
              <value>
                <![CDATA[1]]>
              </value>
            </param>
            <param index="1">
              <value>
                <![CDATA[DP08]]>
              </value>
            </param>
            <param index="2">
              <value>
                <![CDATA[Longan]]>
              </value>
            </param>
            <param index="3">
              <value>
                <![CDATA[longan@gmail.com]]>
              </value>
            </param>
            <param index="4">
              <value>
                <![CDATA[true]]>
              </value>
            </param>
            <param index="5">
              <value>
                <![CDATA[]]>
              </value>
            </param>
            <param index="6">
              <value>
                <![CDATA[2000000]]>
              </value>
            </param>
            <param index="7">
              <value>
                <![CDATA[a.jpg]]>
              </value>
            </param>
            <param index="8">
              <value>
                <![CDATA[Xu?t S?c]]>
              </value>
            </param>
          </params>
          <exception class="java.lang.IllegalArgumentException">
            <message>
              <![CDATA[argument type mismatch]]>
            </message>
            <full-stacktrace>
              <![CDATA[java.lang.IllegalArgumentException: argument type mismatch
	at sun.reflect.NativeMethodAccessorImpl.invoke0(Native Method)
	at sun.reflect.NativeMethodAccessorImpl.invoke(NativeMethodAccessorImpl.java:62)
	at sun.reflect.DelegatingMethodAccessorImpl.invoke(DelegatingMethodAccessorImpl.java:43)
	at java.lang.reflect.Method.invoke(Method.java:498)
	at org.testng.internal.MethodInvocationHelper.invokeMethod(MethodInvocationHelper.java:84)
	at org.testng.internal.Invoker.invokeMethod(Invoker.java:714)
	at org.testng.internal.Invoker.invokeTestMethod(Invoker.java:901)
	at org.testng.internal.Invoker.invokeTestMethods(Invoker.java:1231)
	at org.testng.internal.TestMethodWorker.invokeTestMethods(TestMethodWorker.java:127)
	at org.testng.internal.TestMethodWorker.run(TestMethodWorker.java:111)
	at org.testng.TestRunner.privateRun(TestRunner.java:767)
	at org.testng.TestRunner.run(TestRunner.java:617)
	at org.testng.SuiteRunner.runTest(SuiteRunner.java:334)
	at org.testng.SuiteRunner.runSequentially(SuiteRunner.java:329)
	at org.testng.SuiteRunner.privateRun(SuiteRunner.java:291)
	at org.testng.SuiteRunner.run(SuiteRunner.java:240)
	at org.testng.SuiteRunnerWorker.runSuite(SuiteRunnerWorker.java:52)
	at org.testng.SuiteRunnerWorker.run(SuiteRunnerWorker.java:86)
	at org.testng.TestNG.runSuitesSequentially(TestNG.java:1224)
	at org.testng.TestNG.runSuitesLocally(TestNG.java:1149)
	at org.testng.TestNG.run(TestNG.java:1057)
	at org.testng.TestNG.privateMain(TestNG.java:1364)
	at org.testng.TestNG.main(TestNG.java:1333)
]]>
            </full-stacktrace>
          </exception> <!-- java.lang.IllegalArgumentException -->
          <reporter-output>
          </reporter-output>
        </test-method> <!-- testInsert -->
        <test-method status="PASS" signature="testInsert(int, java.lang.String, java.lang.String, java.lang.String, boolean, int, int, java.lang.String, java.lang.String)[pri:0, instance:TestNGhah.TestStaffUpdate@52af6cff]" name="testInsert" duration-ms="7" started-at="2020-06-17T15:08:05Z" data-provider="dp" finished-at="2020-06-17T15:08:05Z">
          <params>
            <param index="0">
              <value>
                <![CDATA[1]]>
              </value>
            </param>
            <param index="1">
              <value>
                <![CDATA[DP09]]>
              </value>
            </param>
            <param index="2">
              <value>
                <![CDATA[Longan]]>
              </value>
            </param>
            <param index="3">
              <value>
                <![CDATA[ ]]>
              </value>
            </param>
            <param index="4">
              <value>
                <![CDATA[true]]>
              </value>
            </param>
            <param index="5">
              <value>
                <![CDATA[36668]]>
              </value>
            </param>
            <param index="6">
              <value>
                <![CDATA[2000000]]>
              </value>
            </param>
            <param index="7">
              <value>
                <![CDATA[a.jpg]]>
              </value>
            </param>
            <param index="8">
              <value>
                <![CDATA[Xu?t S?c]]>
              </value>
            </param>
          </params>
          <reporter-output>
          </reporter-output>
        </test-method> <!-- testInsert -->
        <test-method status="PASS" signature="setUp()[pri:0, instance:TestNGhah.TestStaffUpdate@52af6cff]" name="setUp" is-config="true" duration-ms="0" started-at="2020-06-17T15:08:05Z" finished-at="2020-06-17T15:08:05Z">
          <reporter-output>
          </reporter-output>
        </test-method> <!-- setUp -->
        <test-method status="PASS" signature="afterMethod(org.testng.ITestResult)[pri:0, instance:TestNGhah.TestStaffUpdate@52af6cff]" name="afterMethod" is-config="true" duration-ms="84" started-at="2020-06-17T15:08:05Z" finished-at="2020-06-17T15:08:05Z">
          <params>
            <param index="0">
              <value>
                <![CDATA[[TestResult name=testInsert status=SUCCESS method=TestStaffUpdate.testInsert(int, java.lang.String, java.lang.String, java.lang.String, boolean, int, int, java.lang.String, java.lang.String)[pri:0, instance:TestNGhah.TestStaffUpdate@52af6cff] output={null}]]]>
              </value>
            </param>
          </params>
          <reporter-output>
          </reporter-output>
        </test-method> <!-- afterMethod -->
        <test-method status="PASS" signature="setUp()[pri:0, instance:TestNGhah.TestStaffUpdate@52af6cff]" name="setUp" is-config="true" duration-ms="1" started-at="2020-06-17T15:08:05Z" finished-at="2020-06-17T15:08:05Z">
          <reporter-output>
          </reporter-output>
        </test-method> <!-- setUp -->
        <test-method status="FAIL" signature="testInsert(int, java.lang.String, java.lang.String, java.lang.String, boolean, int, int, java.lang.String, java.lang.String)[pri:0, instance:TestNGhah.TestStaffUpdate@52af6cff]" name="testInsert" duration-ms="0" started-at="2020-06-17T15:08:05Z" data-provider="dp" finished-at="2020-06-17T15:08:05Z">
          <params>
            <param index="0">
              <value>
                <![CDATA[1]]>
              </value>
            </param>
            <param index="1">
              <value>
                <![CDATA[DP10]]>
              </value>
            </param>
            <param index="2">
              <value>
                <![CDATA[Longan]]>
              </value>
            </param>
            <param index="3">
              <value>
                <![CDATA[longan@gmail.com]]>
              </value>
            </param>
            <param index="4">
              <value>
                <![CDATA[true]]>
              </value>
            </param>
            <param index="5">
              <value>
                <![CDATA[36669]]>
              </value>
            </param>
            <param index="6">
              <value>
                <![CDATA[]]>
              </value>
            </param>
            <param index="7">
              <value>
                <![CDATA[a.jpg]]>
              </value>
            </param>
            <param index="8">
              <value>
                <![CDATA[Xu?t S?c]]>
              </value>
            </param>
          </params>
          <exception class="java.lang.IllegalArgumentException">
            <message>
              <![CDATA[argument type mismatch]]>
            </message>
            <full-stacktrace>
              <![CDATA[java.lang.IllegalArgumentException: argument type mismatch
	at sun.reflect.NativeMethodAccessorImpl.invoke0(Native Method)
	at sun.reflect.NativeMethodAccessorImpl.invoke(NativeMethodAccessorImpl.java:62)
	at sun.reflect.DelegatingMethodAccessorImpl.invoke(DelegatingMethodAccessorImpl.java:43)
	at java.lang.reflect.Method.invoke(Method.java:498)
	at org.testng.internal.MethodInvocationHelper.invokeMethod(MethodInvocationHelper.java:84)
	at org.testng.internal.Invoker.invokeMethod(Invoker.java:714)
	at org.testng.internal.Invoker.invokeTestMethod(Invoker.java:901)
	at org.testng.internal.Invoker.invokeTestMethods(Invoker.java:1231)
	at org.testng.internal.TestMethodWorker.invokeTestMethods(TestMethodWorker.java:127)
	at org.testng.internal.TestMethodWorker.run(TestMethodWorker.java:111)
	at org.testng.TestRunner.privateRun(TestRunner.java:767)
	at org.testng.TestRunner.run(TestRunner.java:617)
	at org.testng.SuiteRunner.runTest(SuiteRunner.java:334)
	at org.testng.SuiteRunner.runSequentially(SuiteRunner.java:329)
	at org.testng.SuiteRunner.privateRun(SuiteRunner.java:291)
	at org.testng.SuiteRunner.run(SuiteRunner.java:240)
	at org.testng.SuiteRunnerWorker.runSuite(SuiteRunnerWorker.java:52)
	at org.testng.SuiteRunnerWorker.run(SuiteRunnerWorker.java:86)
	at org.testng.TestNG.runSuitesSequentially(TestNG.java:1224)
	at org.testng.TestNG.runSuitesLocally(TestNG.java:1149)
	at org.testng.TestNG.run(TestNG.java:1057)
	at org.testng.TestNG.privateMain(TestNG.java:1364)
	at org.testng.TestNG.main(TestNG.java:1333)
]]>
            </full-stacktrace>
          </exception> <!-- java.lang.IllegalArgumentException -->
          <reporter-output>
          </reporter-output>
        </test-method> <!-- testInsert -->
        <test-method status="PASS" signature="afterMethod(org.testng.ITestResult)[pri:0, instance:TestNGhah.TestStaffUpdate@52af6cff]" name="afterMethod" is-config="true" duration-ms="82" started-at="2020-06-17T15:08:05Z" finished-at="2020-06-17T15:08:05Z">
          <params>
            <param index="0">
              <value>
                <![CDATA[[TestResult name=testInsert status=FAILURE method=TestStaffUpdate.testInsert(int, java.lang.String, java.lang.String, java.lang.String, boolean, int, int, java.lang.String, java.lang.String)[pri:0, instance:TestNGhah.TestStaffUpdate@52af6cff] output={null}]]]>
              </value>
            </param>
          </params>
          <reporter-output>
          </reporter-output>
        </test-method> <!-- afterMethod -->
        <test-method status="FAIL" signature="testInsert(int, java.lang.String, java.lang.String, java.lang.String, boolean, int, int, java.lang.String, java.lang.String)[pri:0, instance:TestNGhah.TestStaffUpdate@52af6cff]" name="testInsert" duration-ms="5" started-at="2020-06-17T15:08:05Z" data-provider="dp" finished-at="2020-06-17T15:08:05Z">
          <params>
            <param index="0">
              <value>
                <![CDATA[11]]>
              </value>
            </param>
            <param index="1">
              <value>
                <![CDATA[DP11]]>
              </value>
            </param>
            <param index="2">
              <value>
                <![CDATA[Longan]]>
              </value>
            </param>
            <param index="3">
              <value>
                <![CDATA[longan@gmail.com]]>
              </value>
            </param>
            <param index="4">
              <value>
                <![CDATA[true]]>
              </value>
            </param>
            <param index="5">
              <value>
                <![CDATA[36670]]>
              </value>
            </param>
            <param index="6">
              <value>
                <![CDATA[2000000]]>
              </value>
            </param>
            <param index="7">
              <value>
                <![CDATA[a.jpg]]>
              </value>
            </param>
            <param index="8">
              <value>
                <![CDATA[Xu?t S?c]]>
              </value>
            </param>
          </params>
          <exception class="java.lang.AssertionError">
            <message>
              <![CDATA[User Test expected [true] but found [false]]]>
            </message>
            <full-stacktrace>
              <![CDATA[java.lang.AssertionError: User Test expected [true] but found [false]
	at org.testng.Assert.fail(Assert.java:94)
	at org.testng.Assert.failNotEquals(Assert.java:494)
	at org.testng.Assert.assertTrue(Assert.java:42)
	at TestNGhah.TestStaffUpdate.testInsert(TestStaffUpdate.java:42)
	at sun.reflect.NativeMethodAccessorImpl.invoke0(Native Method)
	at sun.reflect.NativeMethodAccessorImpl.invoke(NativeMethodAccessorImpl.java:62)
	at sun.reflect.DelegatingMethodAccessorImpl.invoke(DelegatingMethodAccessorImpl.java:43)
	at java.lang.reflect.Method.invoke(Method.java:498)
	at org.testng.internal.MethodInvocationHelper.invokeMethod(MethodInvocationHelper.java:84)
	at org.testng.internal.Invoker.invokeMethod(Invoker.java:714)
	at org.testng.internal.Invoker.invokeTestMethod(Invoker.java:901)
	at org.testng.internal.Invoker.invokeTestMethods(Invoker.java:1231)
	at org.testng.internal.TestMethodWorker.invokeTestMethods(TestMethodWorker.java:127)
	at org.testng.internal.TestMethodWorker.run(TestMethodWorker.java:111)
	at org.testng.TestRunner.privateRun(TestRunner.java:767)
	at org.testng.TestRunner.run(TestRunner.java:617)
	at org.testng.SuiteRunner.runTest(SuiteRunner.java:334)
	at org.testng.SuiteRunner.runSequentially(SuiteRunner.java:329)
	at org.testng.SuiteRunner.privateRun(SuiteRunner.java:291)
	at org.testng.SuiteRunner.run(SuiteRunner.java:240)
	at org.testng.SuiteRunnerWorker.runSuite(SuiteRunnerWorker.java:52)
	at org.testng.SuiteRunnerWorker.run(SuiteRunnerWorker.java:86)
	at org.testng.TestNG.runSuitesSequentially(TestNG.java:1224)
	at org.testng.TestNG.runSuitesLocally(TestNG.java:1149)
	at org.testng.TestNG.run(TestNG.java:1057)
	at org.testng.TestNG.privateMain(TestNG.java:1364)
	at org.testng.TestNG.main(TestNG.java:1333)
]]>
            </full-stacktrace>
          </exception> <!-- java.lang.AssertionError -->
          <reporter-output>
          </reporter-output>
        </test-method> <!-- testInsert -->
        <test-method status="PASS" signature="setUp()[pri:0, instance:TestNGhah.TestStaffUpdate@52af6cff]" name="setUp" is-config="true" duration-ms="0" started-at="2020-06-17T15:08:05Z" finished-at="2020-06-17T15:08:05Z">
          <reporter-output>
          </reporter-output>
        </test-method> <!-- setUp -->
        <test-method status="PASS" signature="afterMethod(org.testng.ITestResult)[pri:0, instance:TestNGhah.TestStaffUpdate@52af6cff]" name="afterMethod" is-config="true" duration-ms="92" started-at="2020-06-17T15:08:05Z" finished-at="2020-06-17T15:08:05Z">
          <params>
            <param index="0">
              <value>
                <![CDATA[[TestResult name=testInsert status=FAILURE method=TestStaffUpdate.testInsert(int, java.lang.String, java.lang.String, java.lang.String, boolean, int, int, java.lang.String, java.lang.String)[pri:0, instance:TestNGhah.TestStaffUpdate@52af6cff] output={null}]]]>
              </value>
            </param>
          </params>
          <reporter-output>
          </reporter-output>
        </test-method> <!-- afterMethod -->
      </class> <!-- TestNGhah.TestStaffUpdate -->
      <class name="TestNGhah.TestDepartUpdate">
        <test-method status="PASS" signature="setUp()[pri:0, instance:TestNGhah.TestDepartUpdate@735b478]" name="setUp" is-config="true" duration-ms="1" started-at="2020-06-17T15:07:04Z" finished-at="2020-06-17T15:07:04Z">
          <reporter-output>
          </reporter-output>
        </test-method> <!-- setUp -->
        <test-method status="PASS" signature="testInsert(java.lang.String, java.lang.String)[pri:0, instance:TestNGhah.TestDepartUpdate@735b478]" name="testInsert" duration-ms="11" started-at="2020-06-17T15:07:04Z" data-provider="dp" finished-at="2020-06-17T15:07:04Z">
          <params>
            <param index="0">
              <value>
                <![CDATA[DP01]]>
              </value>
            </param>
            <param index="1">
              <value>
                <![CDATA[Dn s?]]>
              </value>
            </param>
          </params>
          <reporter-output>
          </reporter-output>
        </test-method> <!-- testInsert -->
        <test-method status="PASS" signature="afterMethod(org.testng.ITestResult)[pri:0, instance:TestNGhah.TestDepartUpdate@735b478]" name="afterMethod" is-config="true" duration-ms="180" started-at="2020-06-17T15:07:04Z" finished-at="2020-06-17T15:07:05Z">
          <params>
            <param index="0">
              <value>
                <![CDATA[[TestResult name=testInsert status=SUCCESS method=TestDepartUpdate.testInsert(java.lang.String, java.lang.String)[pri:0, instance:TestNGhah.TestDepartUpdate@735b478] output={null}]]]>
              </value>
            </param>
          </params>
          <reporter-output>
          </reporter-output>
        </test-method> <!-- afterMethod -->
        <test-method status="PASS" signature="setUp()[pri:0, instance:TestNGhah.TestDepartUpdate@735b478]" name="setUp" is-config="true" duration-ms="1" started-at="2020-06-17T15:07:05Z" finished-at="2020-06-17T15:07:05Z">
          <reporter-output>
          </reporter-output>
        </test-method> <!-- setUp -->
        <test-method status="FAIL" signature="testInsert(java.lang.String, java.lang.String)[pri:0, instance:TestNGhah.TestDepartUpdate@735b478]" name="testInsert" duration-ms="5" started-at="2020-06-17T15:07:05Z" data-provider="dp" finished-at="2020-06-17T15:07:05Z">
          <params>
            <param index="0">
              <value>
                <![CDATA[ DP099]]>
              </value>
            </param>
            <param index="1">
              <value>
                <![CDATA[Dn s?]]>
              </value>
            </param>
          </params>
          <exception class="java.lang.AssertionError">
            <message>
              <![CDATA[User Test expected [true] but found [false]]]>
            </message>
            <full-stacktrace>
              <![CDATA[java.lang.AssertionError: User Test expected [true] but found [false]
	at org.testng.Assert.fail(Assert.java:94)
	at org.testng.Assert.failNotEquals(Assert.java:494)
	at org.testng.Assert.assertTrue(Assert.java:42)
	at TestNGhah.TestDepartUpdate.testInsert(TestDepartUpdate.java:37)
	at sun.reflect.NativeMethodAccessorImpl.invoke0(Native Method)
	at sun.reflect.NativeMethodAccessorImpl.invoke(NativeMethodAccessorImpl.java:62)
	at sun.reflect.DelegatingMethodAccessorImpl.invoke(DelegatingMethodAccessorImpl.java:43)
	at java.lang.reflect.Method.invoke(Method.java:498)
	at org.testng.internal.MethodInvocationHelper.invokeMethod(MethodInvocationHelper.java:84)
	at org.testng.internal.Invoker.invokeMethod(Invoker.java:714)
	at org.testng.internal.Invoker.invokeTestMethod(Invoker.java:901)
	at org.testng.internal.Invoker.invokeTestMethods(Invoker.java:1231)
	at org.testng.internal.TestMethodWorker.invokeTestMethods(TestMethodWorker.java:127)
	at org.testng.internal.TestMethodWorker.run(TestMethodWorker.java:111)
	at org.testng.TestRunner.privateRun(TestRunner.java:767)
	at org.testng.TestRunner.run(TestRunner.java:617)
	at org.testng.SuiteRunner.runTest(SuiteRunner.java:334)
	at org.testng.SuiteRunner.runSequentially(SuiteRunner.java:329)
	at org.testng.SuiteRunner.privateRun(SuiteRunner.java:291)
	at org.testng.SuiteRunner.run(SuiteRunner.java:240)
	at org.testng.SuiteRunnerWorker.runSuite(SuiteRunnerWorker.java:52)
	at org.testng.SuiteRunnerWorker.run(SuiteRunnerWorker.java:86)
	at org.testng.TestNG.runSuitesSequentially(TestNG.java:1224)
	at org.testng.TestNG.runSuitesLocally(TestNG.java:1149)
	at org.testng.TestNG.run(TestNG.java:1057)
	at org.testng.TestNG.privateMain(TestNG.java:1364)
	at org.testng.TestNG.main(TestNG.java:1333)
]]>
            </full-stacktrace>
          </exception> <!-- java.lang.AssertionError -->
          <reporter-output>
          </reporter-output>
        </test-method> <!-- testInsert -->
        <test-method status="PASS" signature="afterMethod(org.testng.ITestResult)[pri:0, instance:TestNGhah.TestDepartUpdate@735b478]" name="afterMethod" is-config="true" duration-ms="137" started-at="2020-06-17T15:07:05Z" finished-at="2020-06-17T15:07:05Z">
          <params>
            <param index="0">
              <value>
                <![CDATA[[TestResult name=testInsert status=FAILURE method=TestDepartUpdate.testInsert(java.lang.String, java.lang.String)[pri:0, instance:TestNGhah.TestDepartUpdate@735b478] output={null}]]]>
              </value>
            </param>
          </params>
          <reporter-output>
          </reporter-output>
        </test-method> <!-- afterMethod -->
        <test-method status="PASS" signature="setUp()[pri:0, instance:TestNGhah.TestDepartUpdate@735b478]" name="setUp" is-config="true" duration-ms="1" started-at="2020-06-17T15:07:05Z" finished-at="2020-06-17T15:07:05Z">
          <reporter-output>
          </reporter-output>
        </test-method> <!-- setUp -->
        <test-method status="PASS" signature="testInsert(java.lang.String, java.lang.String)[pri:0, instance:TestNGhah.TestDepartUpdate@735b478]" name="testInsert" duration-ms="3" started-at="2020-06-17T15:07:05Z" data-provider="dp" finished-at="2020-06-17T15:07:05Z">
          <params>
            <param index="0">
              <value>
                <![CDATA[ ]]>
              </value>
            </param>
            <param index="1">
              <value>
                <![CDATA[ ]]>
              </value>
            </param>
          </params>
          <reporter-output>
          </reporter-output>
        </test-method> <!-- testInsert -->
        <test-method status="PASS" signature="afterMethod(org.testng.ITestResult)[pri:0, instance:TestNGhah.TestDepartUpdate@735b478]" name="afterMethod" is-config="true" duration-ms="124" started-at="2020-06-17T15:07:05Z" finished-at="2020-06-17T15:07:05Z">
          <params>
            <param index="0">
              <value>
                <![CDATA[[TestResult name=testInsert status=SUCCESS method=TestDepartUpdate.testInsert(java.lang.String, java.lang.String)[pri:0, instance:TestNGhah.TestDepartUpdate@735b478] output={null}]]]>
              </value>
            </param>
          </params>
          <reporter-output>
          </reporter-output>
        </test-method> <!-- afterMethod -->
      </class> <!-- TestNGhah.TestDepartUpdate -->
      <class name="TestNGhah.TestDepartInsert">
        <test-method status="PASS" signature="setUp()[pri:0, instance:TestNGhah.TestDepartInsert@531be3c5]" name="setUp" is-config="true" duration-ms="1" started-at="2020-06-17T15:07:03Z" finished-at="2020-06-17T15:07:03Z">
          <reporter-output>
          </reporter-output>
        </test-method> <!-- setUp -->
        <test-method status="PASS" signature="testInsert(java.lang.String, java.lang.String)[pri:0, instance:TestNGhah.TestDepartInsert@531be3c5]" name="testInsert" duration-ms="19" started-at="2020-06-17T15:07:03Z" data-provider="dp" finished-at="2020-06-17T15:07:03Z">
          <params>
            <param index="0">
              <value>
                <![CDATA[DP05]]>
              </value>
            </param>
            <param index="1">
              <value>
                <![CDATA[Qu?n Tr?]]>
              </value>
            </param>
          </params>
          <reporter-output>
          </reporter-output>
        </test-method> <!-- testInsert -->
        <test-method status="PASS" signature="afterMethod(org.testng.ITestResult)[pri:0, instance:TestNGhah.TestDepartInsert@531be3c5]" name="afterMethod" is-config="true" duration-ms="193" started-at="2020-06-17T15:07:03Z" finished-at="2020-06-17T15:07:03Z">
          <params>
            <param index="0">
              <value>
                <![CDATA[[TestResult name=testInsert status=SUCCESS method=TestDepartInsert.testInsert(java.lang.String, java.lang.String)[pri:0, instance:TestNGhah.TestDepartInsert@531be3c5] output={null}]]]>
              </value>
            </param>
          </params>
          <reporter-output>
          </reporter-output>
        </test-method> <!-- afterMethod -->
        <test-method status="FAIL" signature="testInsert(java.lang.String, java.lang.String)[pri:0, instance:TestNGhah.TestDepartInsert@531be3c5]" name="testInsert" duration-ms="14" started-at="2020-06-17T15:07:03Z" data-provider="dp" finished-at="2020-06-17T15:07:03Z">
          <params>
            <param index="0">
              <value>
                <![CDATA[ ]]>
              </value>
            </param>
            <param index="1">
              <value>
                <![CDATA[ ]]>
              </value>
            </param>
          </params>
          <exception class="java.lang.AssertionError">
            <message>
              <![CDATA[User Test expected [true] but found [false]]]>
            </message>
            <full-stacktrace>
              <![CDATA[java.lang.AssertionError: User Test expected [true] but found [false]
	at org.testng.Assert.fail(Assert.java:94)
	at org.testng.Assert.failNotEquals(Assert.java:494)
	at org.testng.Assert.assertTrue(Assert.java:42)
	at TestNGhah.TestDepartInsert.testInsert(TestDepartInsert.java:41)
	at sun.reflect.NativeMethodAccessorImpl.invoke0(Native Method)
	at sun.reflect.NativeMethodAccessorImpl.invoke(NativeMethodAccessorImpl.java:62)
	at sun.reflect.DelegatingMethodAccessorImpl.invoke(DelegatingMethodAccessorImpl.java:43)
	at java.lang.reflect.Method.invoke(Method.java:498)
	at org.testng.internal.MethodInvocationHelper.invokeMethod(MethodInvocationHelper.java:84)
	at org.testng.internal.Invoker.invokeMethod(Invoker.java:714)
	at org.testng.internal.Invoker.invokeTestMethod(Invoker.java:901)
	at org.testng.internal.Invoker.invokeTestMethods(Invoker.java:1231)
	at org.testng.internal.TestMethodWorker.invokeTestMethods(TestMethodWorker.java:127)
	at org.testng.internal.TestMethodWorker.run(TestMethodWorker.java:111)
	at org.testng.TestRunner.privateRun(TestRunner.java:767)
	at org.testng.TestRunner.run(TestRunner.java:617)
	at org.testng.SuiteRunner.runTest(SuiteRunner.java:334)
	at org.testng.SuiteRunner.runSequentially(SuiteRunner.java:329)
	at org.testng.SuiteRunner.privateRun(SuiteRunner.java:291)
	at org.testng.SuiteRunner.run(SuiteRunner.java:240)
	at org.testng.SuiteRunnerWorker.runSuite(SuiteRunnerWorker.java:52)
	at org.testng.SuiteRunnerWorker.run(SuiteRunnerWorker.java:86)
	at org.testng.TestNG.runSuitesSequentially(TestNG.java:1224)
	at org.testng.TestNG.runSuitesLocally(TestNG.java:1149)
	at org.testng.TestNG.run(TestNG.java:1057)
	at org.testng.TestNG.privateMain(TestNG.java:1364)
	at org.testng.TestNG.main(TestNG.java:1333)
]]>
            </full-stacktrace>
          </exception> <!-- java.lang.AssertionError -->
          <reporter-output>
          </reporter-output>
        </test-method> <!-- testInsert -->
        <test-method status="PASS" signature="setUp()[pri:0, instance:TestNGhah.TestDepartInsert@531be3c5]" name="setUp" is-config="true" duration-ms="0" started-at="2020-06-17T15:07:03Z" finished-at="2020-06-17T15:07:03Z">
          <reporter-output>
          </reporter-output>
        </test-method> <!-- setUp -->
        <test-method status="PASS" signature="afterMethod(org.testng.ITestResult)[pri:0, instance:TestNGhah.TestDepartInsert@531be3c5]" name="afterMethod" is-config="true" duration-ms="250" started-at="2020-06-17T15:07:03Z" finished-at="2020-06-17T15:07:03Z">
          <params>
            <param index="0">
              <value>
                <![CDATA[[TestResult name=testInsert status=FAILURE method=TestDepartInsert.testInsert(java.lang.String, java.lang.String)[pri:0, instance:TestNGhah.TestDepartInsert@531be3c5] output={null}]]]>
              </value>
            </param>
          </params>
          <reporter-output>
          </reporter-output>
        </test-method> <!-- afterMethod -->
        <test-method status="FAIL" signature="testInsert(java.lang.String, java.lang.String)[pri:0, instance:TestNGhah.TestDepartInsert@531be3c5]" name="testInsert" duration-ms="55" started-at="2020-06-17T15:07:03Z" data-provider="dp" finished-at="2020-06-17T15:07:03Z">
          <params>
            <param index="0">
              <value>
                <![CDATA[DP06]]>
              </value>
            </param>
            <param index="1">
              <value>
                <![CDATA[Qu?n Tr?]]>
              </value>
            </param>
          </params>
          <exception class="java.lang.AssertionError">
            <message>
              <![CDATA[User Test expected [true] but found [false]]]>
            </message>
            <full-stacktrace>
              <![CDATA[java.lang.AssertionError: User Test expected [true] but found [false]
	at org.testng.Assert.fail(Assert.java:94)
	at org.testng.Assert.failNotEquals(Assert.java:494)
	at org.testng.Assert.assertTrue(Assert.java:42)
	at TestNGhah.TestDepartInsert.testInsert(TestDepartInsert.java:41)
	at sun.reflect.NativeMethodAccessorImpl.invoke0(Native Method)
	at sun.reflect.NativeMethodAccessorImpl.invoke(NativeMethodAccessorImpl.java:62)
	at sun.reflect.DelegatingMethodAccessorImpl.invoke(DelegatingMethodAccessorImpl.java:43)
	at java.lang.reflect.Method.invoke(Method.java:498)
	at org.testng.internal.MethodInvocationHelper.invokeMethod(MethodInvocationHelper.java:84)
	at org.testng.internal.Invoker.invokeMethod(Invoker.java:714)
	at org.testng.internal.Invoker.invokeTestMethod(Invoker.java:901)
	at org.testng.internal.Invoker.invokeTestMethods(Invoker.java:1231)
	at org.testng.internal.TestMethodWorker.invokeTestMethods(TestMethodWorker.java:127)
	at org.testng.internal.TestMethodWorker.run(TestMethodWorker.java:111)
	at org.testng.TestRunner.privateRun(TestRunner.java:767)
	at org.testng.TestRunner.run(TestRunner.java:617)
	at org.testng.SuiteRunner.runTest(SuiteRunner.java:334)
	at org.testng.SuiteRunner.runSequentially(SuiteRunner.java:329)
	at org.testng.SuiteRunner.privateRun(SuiteRunner.java:291)
	at org.testng.SuiteRunner.run(SuiteRunner.java:240)
	at org.testng.SuiteRunnerWorker.runSuite(SuiteRunnerWorker.java:52)
	at org.testng.SuiteRunnerWorker.run(SuiteRunnerWorker.java:86)
	at org.testng.TestNG.runSuitesSequentially(TestNG.java:1224)
	at org.testng.TestNG.runSuitesLocally(TestNG.java:1149)
	at org.testng.TestNG.run(TestNG.java:1057)
	at org.testng.TestNG.privateMain(TestNG.java:1364)
	at org.testng.TestNG.main(TestNG.java:1333)
]]>
            </full-stacktrace>
          </exception> <!-- java.lang.AssertionError -->
          <reporter-output>
          </reporter-output>
        </test-method> <!-- testInsert -->
        <test-method status="PASS" signature="setUp()[pri:0, instance:TestNGhah.TestDepartInsert@531be3c5]" name="setUp" is-config="true" duration-ms="0" started-at="2020-06-17T15:07:03Z" finished-at="2020-06-17T15:07:03Z">
          <reporter-output>
          </reporter-output>
        </test-method> <!-- setUp -->
        <test-method status="PASS" signature="afterMethod(org.testng.ITestResult)[pri:0, instance:TestNGhah.TestDepartInsert@531be3c5]" name="afterMethod" is-config="true" duration-ms="284" started-at="2020-06-17T15:07:03Z" finished-at="2020-06-17T15:07:04Z">
          <params>
            <param index="0">
              <value>
                <![CDATA[[TestResult name=testInsert status=FAILURE method=TestDepartInsert.testInsert(java.lang.String, java.lang.String)[pri:0, instance:TestNGhah.TestDepartInsert@531be3c5] output={null}]]]>
              </value>
            </param>
          </params>
          <reporter-output>
          </reporter-output>
        </test-method> <!-- afterMethod -->
        <test-method status="PASS" signature="setUp()[pri:0, instance:TestNGhah.TestDepartInsert@531be3c5]" name="setUp" is-config="true" duration-ms="1" started-at="2020-06-17T15:07:04Z" finished-at="2020-06-17T15:07:04Z">
          <reporter-output>
          </reporter-output>
        </test-method> <!-- setUp -->
        <test-method status="FAIL" signature="testInsert(java.lang.String, java.lang.String)[pri:0, instance:TestNGhah.TestDepartInsert@531be3c5]" name="testInsert" duration-ms="65" started-at="2020-06-17T15:07:04Z" data-provider="dp" finished-at="2020-06-17T15:07:04Z">
          <params>
            <param index="0">
              <value>
                <![CDATA[DP0.26]]>
              </value>
            </param>
            <param index="1">
              <value>
                <![CDATA[Qu?n Tr?]]>
              </value>
            </param>
          </params>
          <exception class="java.lang.AssertionError">
            <message>
              <![CDATA[User Test expected [true] but found [false]]]>
            </message>
            <full-stacktrace>
              <![CDATA[java.lang.AssertionError: User Test expected [true] but found [false]
	at org.testng.Assert.fail(Assert.java:94)
	at org.testng.Assert.failNotEquals(Assert.java:494)
	at org.testng.Assert.assertTrue(Assert.java:42)
	at TestNGhah.TestDepartInsert.testInsert(TestDepartInsert.java:41)
	at sun.reflect.NativeMethodAccessorImpl.invoke0(Native Method)
	at sun.reflect.NativeMethodAccessorImpl.invoke(NativeMethodAccessorImpl.java:62)
	at sun.reflect.DelegatingMethodAccessorImpl.invoke(DelegatingMethodAccessorImpl.java:43)
	at java.lang.reflect.Method.invoke(Method.java:498)
	at org.testng.internal.MethodInvocationHelper.invokeMethod(MethodInvocationHelper.java:84)
	at org.testng.internal.Invoker.invokeMethod(Invoker.java:714)
	at org.testng.internal.Invoker.invokeTestMethod(Invoker.java:901)
	at org.testng.internal.Invoker.invokeTestMethods(Invoker.java:1231)
	at org.testng.internal.TestMethodWorker.invokeTestMethods(TestMethodWorker.java:127)
	at org.testng.internal.TestMethodWorker.run(TestMethodWorker.java:111)
	at org.testng.TestRunner.privateRun(TestRunner.java:767)
	at org.testng.TestRunner.run(TestRunner.java:617)
	at org.testng.SuiteRunner.runTest(SuiteRunner.java:334)
	at org.testng.SuiteRunner.runSequentially(SuiteRunner.java:329)
	at org.testng.SuiteRunner.privateRun(SuiteRunner.java:291)
	at org.testng.SuiteRunner.run(SuiteRunner.java:240)
	at org.testng.SuiteRunnerWorker.runSuite(SuiteRunnerWorker.java:52)
	at org.testng.SuiteRunnerWorker.run(SuiteRunnerWorker.java:86)
	at org.testng.TestNG.runSuitesSequentially(TestNG.java:1224)
	at org.testng.TestNG.runSuitesLocally(TestNG.java:1149)
	at org.testng.TestNG.run(TestNG.java:1057)
	at org.testng.TestNG.privateMain(TestNG.java:1364)
	at org.testng.TestNG.main(TestNG.java:1333)
]]>
            </full-stacktrace>
          </exception> <!-- java.lang.AssertionError -->
          <reporter-output>
          </reporter-output>
        </test-method> <!-- testInsert -->
        <test-method status="PASS" signature="afterMethod(org.testng.ITestResult)[pri:0, instance:TestNGhah.TestDepartInsert@531be3c5]" name="afterMethod" is-config="true" duration-ms="255" started-at="2020-06-17T15:07:04Z" finished-at="2020-06-17T15:07:04Z">
          <params>
            <param index="0">
              <value>
                <![CDATA[[TestResult name=testInsert status=FAILURE method=TestDepartInsert.testInsert(java.lang.String, java.lang.String)[pri:0, instance:TestNGhah.TestDepartInsert@531be3c5] output={null}]]]>
              </value>
            </param>
          </params>
          <reporter-output>
          </reporter-output>
        </test-method> <!-- afterMethod -->
        <test-method status="PASS" signature="setUp()[pri:0, instance:TestNGhah.TestDepartInsert@531be3c5]" name="setUp" is-config="true" duration-ms="0" started-at="2020-06-17T15:07:04Z" finished-at="2020-06-17T15:07:04Z">
          <reporter-output>
          </reporter-output>
        </test-method> <!-- setUp -->
        <test-method status="FAIL" signature="testInsert(java.lang.String, java.lang.String)[pri:0, instance:TestNGhah.TestDepartInsert@531be3c5]" name="testInsert" duration-ms="37" started-at="2020-06-17T15:07:04Z" data-provider="dp" finished-at="2020-06-17T15:07:04Z">
          <params>
            <param index="0">
              <value>
                <![CDATA[DP07]]>
              </value>
            </param>
            <param index="1">
              <value>
                <![CDATA[Qu?n@ Tr?]]>
              </value>
            </param>
          </params>
          <exception class="java.lang.AssertionError">
            <message>
              <![CDATA[User Test expected [true] but found [false]]]>
            </message>
            <full-stacktrace>
              <![CDATA[java.lang.AssertionError: User Test expected [true] but found [false]
	at org.testng.Assert.fail(Assert.java:94)
	at org.testng.Assert.failNotEquals(Assert.java:494)
	at org.testng.Assert.assertTrue(Assert.java:42)
	at TestNGhah.TestDepartInsert.testInsert(TestDepartInsert.java:41)
	at sun.reflect.NativeMethodAccessorImpl.invoke0(Native Method)
	at sun.reflect.NativeMethodAccessorImpl.invoke(NativeMethodAccessorImpl.java:62)
	at sun.reflect.DelegatingMethodAccessorImpl.invoke(DelegatingMethodAccessorImpl.java:43)
	at java.lang.reflect.Method.invoke(Method.java:498)
	at org.testng.internal.MethodInvocationHelper.invokeMethod(MethodInvocationHelper.java:84)
	at org.testng.internal.Invoker.invokeMethod(Invoker.java:714)
	at org.testng.internal.Invoker.invokeTestMethod(Invoker.java:901)
	at org.testng.internal.Invoker.invokeTestMethods(Invoker.java:1231)
	at org.testng.internal.TestMethodWorker.invokeTestMethods(TestMethodWorker.java:127)
	at org.testng.internal.TestMethodWorker.run(TestMethodWorker.java:111)
	at org.testng.TestRunner.privateRun(TestRunner.java:767)
	at org.testng.TestRunner.run(TestRunner.java:617)
	at org.testng.SuiteRunner.runTest(SuiteRunner.java:334)
	at org.testng.SuiteRunner.runSequentially(SuiteRunner.java:329)
	at org.testng.SuiteRunner.privateRun(SuiteRunner.java:291)
	at org.testng.SuiteRunner.run(SuiteRunner.java:240)
	at org.testng.SuiteRunnerWorker.runSuite(SuiteRunnerWorker.java:52)
	at org.testng.SuiteRunnerWorker.run(SuiteRunnerWorker.java:86)
	at org.testng.TestNG.runSuitesSequentially(TestNG.java:1224)
	at org.testng.TestNG.runSuitesLocally(TestNG.java:1149)
	at org.testng.TestNG.run(TestNG.java:1057)
	at org.testng.TestNG.privateMain(TestNG.java:1364)
	at org.testng.TestNG.main(TestNG.java:1333)
]]>
            </full-stacktrace>
          </exception> <!-- java.lang.AssertionError -->
          <reporter-output>
          </reporter-output>
        </test-method> <!-- testInsert -->
        <test-method status="PASS" signature="afterMethod(org.testng.ITestResult)[pri:0, instance:TestNGhah.TestDepartInsert@531be3c5]" name="afterMethod" is-config="true" duration-ms="180" started-at="2020-06-17T15:07:04Z" finished-at="2020-06-17T15:07:04Z">
          <params>
            <param index="0">
              <value>
                <![CDATA[[TestResult name=testInsert status=FAILURE method=TestDepartInsert.testInsert(java.lang.String, java.lang.String)[pri:0, instance:TestNGhah.TestDepartInsert@531be3c5] output={null}]]]>
              </value>
            </param>
          </params>
          <reporter-output>
          </reporter-output>
        </test-method> <!-- afterMethod -->
      </class> <!-- TestNGhah.TestDepartInsert -->
      <class name="TestNGhah.TestRecordInsert">
        <test-method status="PASS" signature="setUp()[pri:0, instance:TestNGhah.TestRecordInsert@3a03464]" name="setUp" is-config="true" duration-ms="0" started-at="2020-06-17T15:08:02Z" finished-at="2020-06-17T15:08:02Z">
          <reporter-output>
          </reporter-output>
        </test-method> <!-- setUp -->
        <test-method status="PASS" signature="testInsert(int, int, boolean, int, java.lang.String)[pri:0, instance:TestNGhah.TestRecordInsert@3a03464]" name="testInsert" duration-ms="323" started-at="2020-06-17T15:08:02Z" data-provider="dp" finished-at="2020-06-17T15:08:02Z">
          <params>
            <param index="0">
              <value>
                <![CDATA[1]]>
              </value>
            </param>
            <param index="1">
              <value>
                <![CDATA[10]]>
              </value>
            </param>
            <param index="2">
              <value>
                <![CDATA[true]]>
              </value>
            </param>
            <param index="3">
              <value>
                <![CDATA[43985]]>
              </value>
            </param>
            <param index="4">
              <value>
                <![CDATA[OT]]>
              </value>
            </param>
          </params>
          <reporter-output>
          </reporter-output>
        </test-method> <!-- testInsert -->
        <test-method status="PASS" signature="afterMethod(org.testng.ITestResult)[pri:0, instance:TestNGhah.TestRecordInsert@3a03464]" name="afterMethod" is-config="true" duration-ms="122" started-at="2020-06-17T15:08:02Z" finished-at="2020-06-17T15:08:02Z">
          <params>
            <param index="0">
              <value>
                <![CDATA[[TestResult name=testInsert status=SUCCESS method=TestRecordInsert.testInsert(int, int, boolean, int, java.lang.String)[pri:0, instance:TestNGhah.TestRecordInsert@3a03464] output={null}]]]>
              </value>
            </param>
          </params>
          <reporter-output>
          </reporter-output>
        </test-method> <!-- afterMethod -->
        <test-method status="PASS" signature="setUp()[pri:0, instance:TestNGhah.TestRecordInsert@3a03464]" name="setUp" is-config="true" duration-ms="1" started-at="2020-06-17T15:08:02Z" finished-at="2020-06-17T15:08:02Z">
          <reporter-output>
          </reporter-output>
        </test-method> <!-- setUp -->
        <test-method status="PASS" signature="testInsert(int, int, boolean, int, java.lang.String)[pri:0, instance:TestNGhah.TestRecordInsert@3a03464]" name="testInsert" duration-ms="9" started-at="2020-06-17T15:08:02Z" data-provider="dp" finished-at="2020-06-17T15:08:02Z">
          <params>
            <param index="0">
              <value>
                <![CDATA[2]]>
              </value>
            </param>
            <param index="1">
              <value>
                <![CDATA[11]]>
              </value>
            </param>
            <param index="2">
              <value>
                <![CDATA[true]]>
              </value>
            </param>
            <param index="3">
              <value>
                <![CDATA[43986]]>
              </value>
            </param>
            <param index="4">
              <value>
                <![CDATA[OT]]>
              </value>
            </param>
          </params>
          <reporter-output>
          </reporter-output>
        </test-method> <!-- testInsert -->
        <test-method status="PASS" signature="afterMethod(org.testng.ITestResult)[pri:0, instance:TestNGhah.TestRecordInsert@3a03464]" name="afterMethod" is-config="true" duration-ms="128" started-at="2020-06-17T15:08:02Z" finished-at="2020-06-17T15:08:02Z">
          <params>
            <param index="0">
              <value>
                <![CDATA[[TestResult name=testInsert status=SUCCESS method=TestRecordInsert.testInsert(int, int, boolean, int, java.lang.String)[pri:0, instance:TestNGhah.TestRecordInsert@3a03464] output={null}]]]>
              </value>
            </param>
          </params>
          <reporter-output>
          </reporter-output>
        </test-method> <!-- afterMethod -->
        <test-method status="PASS" signature="setUp()[pri:0, instance:TestNGhah.TestRecordInsert@3a03464]" name="setUp" is-config="true" duration-ms="0" started-at="2020-06-17T15:08:02Z" finished-at="2020-06-17T15:08:02Z">
          <reporter-output>
          </reporter-output>
        </test-method> <!-- setUp -->
        <test-method status="FAIL" signature="testInsert(int, int, boolean, int, java.lang.String)[pri:0, instance:TestNGhah.TestRecordInsert@3a03464]" name="testInsert" duration-ms="1" started-at="2020-06-17T15:08:02Z" data-provider="dp" finished-at="2020-06-17T15:08:02Z">
          <params>
            <param index="0">
              <value>
                <![CDATA[3]]>
              </value>
            </param>
            <param index="1">
              <value>
                <![CDATA[10]]>
              </value>
            </param>
            <param index="2">
              <value>
                <![CDATA[true]]>
              </value>
            </param>
            <param index="3">
              <value>
                <![CDATA[03/thang6/2020]]>
              </value>
            </param>
            <param index="4">
              <value>
                <![CDATA[At]]>
              </value>
            </param>
          </params>
          <exception class="java.lang.IllegalArgumentException">
            <message>
              <![CDATA[argument type mismatch]]>
            </message>
            <full-stacktrace>
              <![CDATA[java.lang.IllegalArgumentException: argument type mismatch
	at sun.reflect.NativeMethodAccessorImpl.invoke0(Native Method)
	at sun.reflect.NativeMethodAccessorImpl.invoke(NativeMethodAccessorImpl.java:62)
	at sun.reflect.DelegatingMethodAccessorImpl.invoke(DelegatingMethodAccessorImpl.java:43)
	at java.lang.reflect.Method.invoke(Method.java:498)
	at org.testng.internal.MethodInvocationHelper.invokeMethod(MethodInvocationHelper.java:84)
	at org.testng.internal.Invoker.invokeMethod(Invoker.java:714)
	at org.testng.internal.Invoker.invokeTestMethod(Invoker.java:901)
	at org.testng.internal.Invoker.invokeTestMethods(Invoker.java:1231)
	at org.testng.internal.TestMethodWorker.invokeTestMethods(TestMethodWorker.java:127)
	at org.testng.internal.TestMethodWorker.run(TestMethodWorker.java:111)
	at org.testng.TestRunner.privateRun(TestRunner.java:767)
	at org.testng.TestRunner.run(TestRunner.java:617)
	at org.testng.SuiteRunner.runTest(SuiteRunner.java:334)
	at org.testng.SuiteRunner.runSequentially(SuiteRunner.java:329)
	at org.testng.SuiteRunner.privateRun(SuiteRunner.java:291)
	at org.testng.SuiteRunner.run(SuiteRunner.java:240)
	at org.testng.SuiteRunnerWorker.runSuite(SuiteRunnerWorker.java:52)
	at org.testng.SuiteRunnerWorker.run(SuiteRunnerWorker.java:86)
	at org.testng.TestNG.runSuitesSequentially(TestNG.java:1224)
	at org.testng.TestNG.runSuitesLocally(TestNG.java:1149)
	at org.testng.TestNG.run(TestNG.java:1057)
	at org.testng.TestNG.privateMain(TestNG.java:1364)
	at org.testng.TestNG.main(TestNG.java:1333)
]]>
            </full-stacktrace>
          </exception> <!-- java.lang.IllegalArgumentException -->
          <reporter-output>
          </reporter-output>
        </test-method> <!-- testInsert -->
        <test-method status="PASS" signature="afterMethod(org.testng.ITestResult)[pri:0, instance:TestNGhah.TestRecordInsert@3a03464]" name="afterMethod" is-config="true" duration-ms="115" started-at="2020-06-17T15:08:02Z" finished-at="2020-06-17T15:08:03Z">
          <params>
            <param index="0">
              <value>
                <![CDATA[[TestResult name=testInsert status=FAILURE method=TestRecordInsert.testInsert(int, int, boolean, int, java.lang.String)[pri:0, instance:TestNGhah.TestRecordInsert@3a03464] output={null}]]]>
              </value>
            </param>
          </params>
          <reporter-output>
          </reporter-output>
        </test-method> <!-- afterMethod -->
        <test-method status="PASS" signature="setUp()[pri:0, instance:TestNGhah.TestRecordInsert@3a03464]" name="setUp" is-config="true" duration-ms="0" started-at="2020-06-17T15:08:03Z" finished-at="2020-06-17T15:08:03Z">
          <reporter-output>
          </reporter-output>
        </test-method> <!-- setUp -->
        <test-method status="FAIL" signature="testInsert(int, int, boolean, int, java.lang.String)[pri:0, instance:TestNGhah.TestRecordInsert@3a03464]" name="testInsert" duration-ms="1" started-at="2020-06-17T15:08:03Z" data-provider="dp" finished-at="2020-06-17T15:08:03Z">
          <params>
            <param index="0">
              <value>
                <![CDATA[4]]>
              </value>
            </param>
            <param index="1">
              <value>
                <![CDATA[ ]]>
              </value>
            </param>
            <param index="2">
              <value>
                <![CDATA[ ]]>
              </value>
            </param>
            <param index="3">
              <value>
                <![CDATA[ ]]>
              </value>
            </param>
            <param index="4">
              <value>
                <![CDATA[ ]]>
              </value>
            </param>
          </params>
          <exception class="java.lang.IllegalArgumentException">
            <message>
              <![CDATA[argument type mismatch]]>
            </message>
            <full-stacktrace>
              <![CDATA[java.lang.IllegalArgumentException: argument type mismatch
	at sun.reflect.NativeMethodAccessorImpl.invoke0(Native Method)
	at sun.reflect.NativeMethodAccessorImpl.invoke(NativeMethodAccessorImpl.java:62)
	at sun.reflect.DelegatingMethodAccessorImpl.invoke(DelegatingMethodAccessorImpl.java:43)
	at java.lang.reflect.Method.invoke(Method.java:498)
	at org.testng.internal.MethodInvocationHelper.invokeMethod(MethodInvocationHelper.java:84)
	at org.testng.internal.Invoker.invokeMethod(Invoker.java:714)
	at org.testng.internal.Invoker.invokeTestMethod(Invoker.java:901)
	at org.testng.internal.Invoker.invokeTestMethods(Invoker.java:1231)
	at org.testng.internal.TestMethodWorker.invokeTestMethods(TestMethodWorker.java:127)
	at org.testng.internal.TestMethodWorker.run(TestMethodWorker.java:111)
	at org.testng.TestRunner.privateRun(TestRunner.java:767)
	at org.testng.TestRunner.run(TestRunner.java:617)
	at org.testng.SuiteRunner.runTest(SuiteRunner.java:334)
	at org.testng.SuiteRunner.runSequentially(SuiteRunner.java:329)
	at org.testng.SuiteRunner.privateRun(SuiteRunner.java:291)
	at org.testng.SuiteRunner.run(SuiteRunner.java:240)
	at org.testng.SuiteRunnerWorker.runSuite(SuiteRunnerWorker.java:52)
	at org.testng.SuiteRunnerWorker.run(SuiteRunnerWorker.java:86)
	at org.testng.TestNG.runSuitesSequentially(TestNG.java:1224)
	at org.testng.TestNG.runSuitesLocally(TestNG.java:1149)
	at org.testng.TestNG.run(TestNG.java:1057)
	at org.testng.TestNG.privateMain(TestNG.java:1364)
	at org.testng.TestNG.main(TestNG.java:1333)
]]>
            </full-stacktrace>
          </exception> <!-- java.lang.IllegalArgumentException -->
          <reporter-output>
          </reporter-output>
        </test-method> <!-- testInsert -->
        <test-method status="PASS" signature="afterMethod(org.testng.ITestResult)[pri:0, instance:TestNGhah.TestRecordInsert@3a03464]" name="afterMethod" is-config="true" duration-ms="147" started-at="2020-06-17T15:08:03Z" finished-at="2020-06-17T15:08:03Z">
          <params>
            <param index="0">
              <value>
                <![CDATA[[TestResult name=testInsert status=FAILURE method=TestRecordInsert.testInsert(int, int, boolean, int, java.lang.String)[pri:0, instance:TestNGhah.TestRecordInsert@3a03464] output={null}]]]>
              </value>
            </param>
          </params>
          <reporter-output>
          </reporter-output>
        </test-method> <!-- afterMethod -->
      </class> <!-- TestNGhah.TestRecordInsert -->
      <class name="TestNGhah.TestUserUpdate">
        <test-method status="PASS" signature="testInsert(java.lang.String, java.lang.String, java.lang.String, java.lang.String)[pri:0, instance:TestNGhah.TestUserUpdate@50f8360d]" name="testInsert" duration-ms="7" started-at="2020-06-17T15:08:07Z" data-provider="dp" finished-at="2020-06-17T15:08:07Z">
          <params>
            <param index="0">
              <value>
                <![CDATA[longan12]]>
              </value>
            </param>
            <param index="1">
              <value>
                <![CDATA[P123456]]>
              </value>
            </param>
            <param index="2">
              <value>
                <![CDATA[Nguyenducvu]]>
              </value>
            </param>
            <param index="3">
              <value>
                <![CDATA[im.jpg]]>
              </value>
            </param>
          </params>
          <reporter-output>
          </reporter-output>
        </test-method> <!-- testInsert -->
        <test-method status="PASS" signature="setUp()[pri:0, instance:TestNGhah.TestUserUpdate@50f8360d]" name="setUp" is-config="true" duration-ms="0" started-at="2020-06-17T15:08:07Z" finished-at="2020-06-17T15:08:07Z">
          <reporter-output>
          </reporter-output>
        </test-method> <!-- setUp -->
        <test-method status="PASS" signature="afterMethod(org.testng.ITestResult)[pri:0, instance:TestNGhah.TestUserUpdate@50f8360d]" name="afterMethod" is-config="true" duration-ms="93" started-at="2020-06-17T15:08:07Z" finished-at="2020-06-17T15:08:07Z">
          <params>
            <param index="0">
              <value>
                <![CDATA[[TestResult name=testInsert status=SUCCESS method=TestUserUpdate.testInsert(java.lang.String, java.lang.String, java.lang.String, java.lang.String)[pri:0, instance:TestNGhah.TestUserUpdate@50f8360d] output={null}]]]>
              </value>
            </param>
          </params>
          <reporter-output>
          </reporter-output>
        </test-method> <!-- afterMethod -->
        <test-method status="FAIL" signature="testInsert(java.lang.String, java.lang.String, java.lang.String, java.lang.String)[pri:0, instance:TestNGhah.TestUserUpdate@50f8360d]" name="testInsert" duration-ms="6" started-at="2020-06-17T15:08:07Z" data-provider="dp" finished-at="2020-06-17T15:08:07Z">
          <params>
            <param index="0">
              <value>
                <![CDATA[longan4]]>
              </value>
            </param>
            <param index="1">
              <value>
                <![CDATA[P123456]]>
              </value>
            </param>
            <param index="2">
              <value>
                <![CDATA[Nguyen/Vu]]>
              </value>
            </param>
            <param index="3">
              <value>
                <![CDATA[im.jpg]]>
              </value>
            </param>
          </params>
          <exception class="java.lang.AssertionError">
            <message>
              <![CDATA[User Test expected [true] but found [false]]]>
            </message>
            <full-stacktrace>
              <![CDATA[java.lang.AssertionError: User Test expected [true] but found [false]
	at org.testng.Assert.fail(Assert.java:94)
	at org.testng.Assert.failNotEquals(Assert.java:494)
	at org.testng.Assert.assertTrue(Assert.java:42)
	at TestNGhah.TestUserUpdate.testInsert(TestUserUpdate.java:38)
	at sun.reflect.NativeMethodAccessorImpl.invoke0(Native Method)
	at sun.reflect.NativeMethodAccessorImpl.invoke(NativeMethodAccessorImpl.java:62)
	at sun.reflect.DelegatingMethodAccessorImpl.invoke(DelegatingMethodAccessorImpl.java:43)
	at java.lang.reflect.Method.invoke(Method.java:498)
	at org.testng.internal.MethodInvocationHelper.invokeMethod(MethodInvocationHelper.java:84)
	at org.testng.internal.Invoker.invokeMethod(Invoker.java:714)
	at org.testng.internal.Invoker.invokeTestMethod(Invoker.java:901)
	at org.testng.internal.Invoker.invokeTestMethods(Invoker.java:1231)
	at org.testng.internal.TestMethodWorker.invokeTestMethods(TestMethodWorker.java:127)
	at org.testng.internal.TestMethodWorker.run(TestMethodWorker.java:111)
	at org.testng.TestRunner.privateRun(TestRunner.java:767)
	at org.testng.TestRunner.run(TestRunner.java:617)
	at org.testng.SuiteRunner.runTest(SuiteRunner.java:334)
	at org.testng.SuiteRunner.runSequentially(SuiteRunner.java:329)
	at org.testng.SuiteRunner.privateRun(SuiteRunner.java:291)
	at org.testng.SuiteRunner.run(SuiteRunner.java:240)
	at org.testng.SuiteRunnerWorker.runSuite(SuiteRunnerWorker.java:52)
	at org.testng.SuiteRunnerWorker.run(SuiteRunnerWorker.java:86)
	at org.testng.TestNG.runSuitesSequentially(TestNG.java:1224)
	at org.testng.TestNG.runSuitesLocally(TestNG.java:1149)
	at org.testng.TestNG.run(TestNG.java:1057)
	at org.testng.TestNG.privateMain(TestNG.java:1364)
	at org.testng.TestNG.main(TestNG.java:1333)
]]>
            </full-stacktrace>
          </exception> <!-- java.lang.AssertionError -->
          <reporter-output>
          </reporter-output>
        </test-method> <!-- testInsert -->
        <test-method status="PASS" signature="setUp()[pri:0, instance:TestNGhah.TestUserUpdate@50f8360d]" name="setUp" is-config="true" duration-ms="0" started-at="2020-06-17T15:08:07Z" finished-at="2020-06-17T15:08:07Z">
          <reporter-output>
          </reporter-output>
        </test-method> <!-- setUp -->
        <test-method status="PASS" signature="afterMethod(org.testng.ITestResult)[pri:0, instance:TestNGhah.TestUserUpdate@50f8360d]" name="afterMethod" is-config="true" duration-ms="82" started-at="2020-06-17T15:08:07Z" finished-at="2020-06-17T15:08:07Z">
          <params>
            <param index="0">
              <value>
                <![CDATA[[TestResult name=testInsert status=FAILURE method=TestUserUpdate.testInsert(java.lang.String, java.lang.String, java.lang.String, java.lang.String)[pri:0, instance:TestNGhah.TestUserUpdate@50f8360d] output={null}]]]>
              </value>
            </param>
          </params>
          <reporter-output>
          </reporter-output>
        </test-method> <!-- afterMethod -->
      </class> <!-- TestNGhah.TestUserUpdate -->
    </test> <!-- TestNGhah suite -->
  </suite> <!-- ASM_PS09502_Java5 -->
</testng-results>
